Calling target program-options parser
[15:08:16.754] [bmv2] [D] [thread 12051] Set default default entry for table 'MyIngress.ipv4_lpm': MyIngress.drop - 
Adding interface s4-eth1 as port 1
[15:08:16.755] [bmv2] [D] [thread 12051] Adding interface s4-eth1 as port 1
Adding interface s4-eth2 as port 2
[15:08:16.759] [bmv2] [D] [thread 12051] Adding interface s4-eth2 as port 2
Server listening on 0.0.0.0:50054
[15:08:16.762] [bmv2] [I] [thread 12051] Starting Thrift server on port 9093
[15:08:16.762] [bmv2] [I] [thread 12051] Thrift server was started
[15:08:16.790] [bmv2] [D] [thread 12061] [0.0] [cxt 0] Processing packet received on port 2
[15:08:16.791] [bmv2] [D] [thread 12061] [0.0] [cxt 0] Parser 'parser': start
[15:08:16.791] [bmv2] [D] [thread 12061] [0.0] [cxt 0] Parser 'parser' entering state 'start'
[15:08:16.791] [bmv2] [D] [thread 12061] [0.0] [cxt 0] Extracting header 'ethernet'
[15:08:16.792] [bmv2] [D] [thread 12061] [0.0] [cxt 0] Parser state 'start': key is 86dd
[15:08:16.792] [bmv2] [T] [thread 12061] [0.0] [cxt 0] Bytes parsed: 14
[15:08:16.793] [bmv2] [D] [thread 12061] [0.0] [cxt 0] Parser 'parser': end
[15:08:16.793] [bmv2] [D] [thread 12061] [0.0] [cxt 0] Pipeline 'ingress': start
[15:08:16.794] [bmv2] [T] [thread 12061] [0.0] [cxt 0] basic.p4(124) Condition "hdr.ipv4.isValid()" (node_2) is false
[15:08:16.794] [bmv2] [D] [thread 12061] [0.0] [cxt 0] Pipeline 'ingress': end
[15:08:16.795] [bmv2] [D] [thread 12061] [0.0] [cxt 0] Egress port is 0
[15:08:16.795] [bmv2] [D] [thread 12062] [0.0] [cxt 0] Pipeline 'egress': start
[15:08:16.795] [bmv2] [D] [thread 12062] [0.0] [cxt 0] Pipeline 'egress': end
[15:08:16.796] [bmv2] [D] [thread 12062] [0.0] [cxt 0] Deparser 'deparser': start
[15:08:16.796] [bmv2] [T] [thread 12062] [0.0] [cxt 0] Skipping checksum 'cksum' update because condition not met
[15:08:16.796] [bmv2] [D] [thread 12062] [0.0] [cxt 0] Deparsing header 'ethernet'
[15:08:16.797] [bmv2] [D] [thread 12062] [0.0] [cxt 0] Deparser 'deparser': end
[15:08:16.797] [bmv2] [D] [thread 12066] [0.0] [cxt 0] Transmitting packet of size 225 out of port 0
[15:08:16.802] [bmv2] [D] [thread 12061] [1.0] [cxt 0] Processing packet received on port 2
[15:08:16.803] [bmv2] [D] [thread 12061] [1.0] [cxt 0] Parser 'parser': start
[15:08:16.803] [bmv2] [D] [thread 12061] [1.0] [cxt 0] Parser 'parser' entering state 'start'
[15:08:16.803] [bmv2] [D] [thread 12061] [1.0] [cxt 0] Extracting header 'ethernet'
[15:08:16.804] [bmv2] [D] [thread 12061] [1.0] [cxt 0] Parser state 'start': key is 86dd
[15:08:16.804] [bmv2] [T] [thread 12061] [1.0] [cxt 0] Bytes parsed: 14
[15:08:16.804] [bmv2] [D] [thread 12061] [1.0] [cxt 0] Parser 'parser': end
[15:08:16.806] [bmv2] [D] [thread 12061] [1.0] [cxt 0] Pipeline 'ingress': start
[15:08:16.807] [bmv2] [T] [thread 12061] [1.0] [cxt 0] basic.p4(124) Condition "hdr.ipv4.isValid()" (node_2) is false
[15:08:16.807] [bmv2] [D] [thread 12061] [1.0] [cxt 0] Pipeline 'ingress': end
[15:08:16.808] [bmv2] [D] [thread 12061] [1.0] [cxt 0] Egress port is 0
[15:08:16.811] [bmv2] [D] [thread 12062] [1.0] [cxt 0] Pipeline 'egress': start
[15:08:16.811] [bmv2] [D] [thread 12062] [1.0] [cxt 0] Pipeline 'egress': end
[15:08:16.812] [bmv2] [D] [thread 12062] [1.0] [cxt 0] Deparser 'deparser': start
[15:08:16.812] [bmv2] [T] [thread 12062] [1.0] [cxt 0] Skipping checksum 'cksum' update because condition not met
[15:08:16.812] [bmv2] [D] [thread 12062] [1.0] [cxt 0] Deparsing header 'ethernet'
[15:08:16.812] [bmv2] [D] [thread 12062] [1.0] [cxt 0] Deparser 'deparser': end
[15:08:16.813] [bmv2] [D] [thread 12066] [1.0] [cxt 0] Transmitting packet of size 225 out of port 0
[15:08:16.813] [bmv2] [D] [thread 12061] [2.0] [cxt 0] Processing packet received on port 2
[15:08:16.813] [bmv2] [D] [thread 12061] [2.0] [cxt 0] Parser 'parser': start
[15:08:16.813] [bmv2] [D] [thread 12061] [2.0] [cxt 0] Parser 'parser' entering state 'start'
[15:08:16.814] [bmv2] [D] [thread 12061] [2.0] [cxt 0] Extracting header 'ethernet'
[15:08:16.814] [bmv2] [D] [thread 12061] [2.0] [cxt 0] Parser state 'start': key is 86dd
[15:08:16.814] [bmv2] [T] [thread 12061] [2.0] [cxt 0] Bytes parsed: 14
[15:08:16.815] [bmv2] [D] [thread 12061] [2.0] [cxt 0] Parser 'parser': end
[15:08:16.815] [bmv2] [D] [thread 12061] [2.0] [cxt 0] Pipeline 'ingress': start
[15:08:16.815] [bmv2] [T] [thread 12061] [2.0] [cxt 0] basic.p4(124) Condition "hdr.ipv4.isValid()" (node_2) is false
[15:08:16.815] [bmv2] [D] [thread 12061] [2.0] [cxt 0] Pipeline 'ingress': end
[15:08:16.815] [bmv2] [D] [thread 12061] [2.0] [cxt 0] Egress port is 0
[15:08:16.816] [bmv2] [D] [thread 12062] [2.0] [cxt 0] Pipeline 'egress': start
[15:08:16.816] [bmv2] [D] [thread 12062] [2.0] [cxt 0] Pipeline 'egress': end
[15:08:16.816] [bmv2] [D] [thread 12062] [2.0] [cxt 0] Deparser 'deparser': start
[15:08:16.816] [bmv2] [T] [thread 12062] [2.0] [cxt 0] Skipping checksum 'cksum' update because condition not met
[15:08:16.816] [bmv2] [D] [thread 12062] [2.0] [cxt 0] Deparsing header 'ethernet'
[15:08:16.816] [bmv2] [D] [thread 12062] [2.0] [cxt 0] Deparser 'deparser': end
[15:08:16.816] [bmv2] [D] [thread 12066] [2.0] [cxt 0] Transmitting packet of size 203 out of port 0
[15:08:16.862] [bmv2] [D] [thread 12061] [3.0] [cxt 0] Processing packet received on port 1
[15:08:16.862] [bmv2] [D] [thread 12061] [3.0] [cxt 0] Parser 'parser': start
[15:08:16.863] [bmv2] [D] [thread 12061] [3.0] [cxt 0] Parser 'parser' entering state 'start'
[15:08:16.863] [bmv2] [D] [thread 12061] [3.0] [cxt 0] Extracting header 'ethernet'
[15:08:16.864] [bmv2] [D] [thread 12061] [3.0] [cxt 0] Parser state 'start': key is 86dd
[15:08:16.864] [bmv2] [T] [thread 12061] [3.0] [cxt 0] Bytes parsed: 14
[15:08:16.864] [bmv2] [D] [thread 12061] [3.0] [cxt 0] Parser 'parser': end
[15:08:16.865] [bmv2] [D] [thread 12061] [3.0] [cxt 0] Pipeline 'ingress': start
[15:08:16.865] [bmv2] [T] [thread 12061] [3.0] [cxt 0] basic.p4(124) Condition "hdr.ipv4.isValid()" (node_2) is false
[15:08:16.866] [bmv2] [D] [thread 12061] [3.0] [cxt 0] Pipeline 'ingress': end
[15:08:16.866] [bmv2] [D] [thread 12061] [3.0] [cxt 0] Egress port is 0
[15:08:16.867] [bmv2] [D] [thread 12062] [3.0] [cxt 0] Pipeline 'egress': start
[15:08:16.867] [bmv2] [D] [thread 12062] [3.0] [cxt 0] Pipeline 'egress': end
[15:08:16.868] [bmv2] [D] [thread 12062] [3.0] [cxt 0] Deparser 'deparser': start
[15:08:16.868] [bmv2] [T] [thread 12062] [3.0] [cxt 0] Skipping checksum 'cksum' update because condition not met
[15:08:16.868] [bmv2] [D] [thread 12062] [3.0] [cxt 0] Deparsing header 'ethernet'
[15:08:16.872] [bmv2] [D] [thread 12062] [3.0] [cxt 0] Deparser 'deparser': end
[15:08:16.872] [bmv2] [D] [thread 12066] [3.0] [cxt 0] Transmitting packet of size 90 out of port 0
[15:08:16.934] [bmv2] [D] [thread 12061] [4.0] [cxt 0] Processing packet received on port 1
[15:08:16.934] [bmv2] [D] [thread 12061] [4.0] [cxt 0] Parser 'parser': start
[15:08:16.935] [bmv2] [D] [thread 12061] [4.0] [cxt 0] Parser 'parser' entering state 'start'
[15:08:16.935] [bmv2] [D] [thread 12061] [4.0] [cxt 0] Extracting header 'ethernet'
[15:08:16.936] [bmv2] [D] [thread 12061] [4.0] [cxt 0] Parser state 'start': key is 86dd
[15:08:16.936] [bmv2] [T] [thread 12061] [4.0] [cxt 0] Bytes parsed: 14
[15:08:16.937] [bmv2] [D] [thread 12061] [4.0] [cxt 0] Parser 'parser': end
[15:08:16.937] [bmv2] [D] [thread 12061] [4.0] [cxt 0] Pipeline 'ingress': start
[15:08:16.937] [bmv2] [T] [thread 12061] [4.0] [cxt 0] basic.p4(124) Condition "hdr.ipv4.isValid()" (node_2) is false
[15:08:16.938] [bmv2] [D] [thread 12061] [4.0] [cxt 0] Pipeline 'ingress': end
[15:08:16.938] [bmv2] [D] [thread 12061] [4.0] [cxt 0] Egress port is 0
[15:08:16.939] [bmv2] [D] [thread 12062] [4.0] [cxt 0] Pipeline 'egress': start
[15:08:16.939] [bmv2] [D] [thread 12062] [4.0] [cxt 0] Pipeline 'egress': end
[15:08:16.940] [bmv2] [D] [thread 12062] [4.0] [cxt 0] Deparser 'deparser': start
[15:08:16.940] [bmv2] [T] [thread 12062] [4.0] [cxt 0] Skipping checksum 'cksum' update because condition not met
[15:08:16.940] [bmv2] [D] [thread 12062] [4.0] [cxt 0] Deparsing header 'ethernet'
[15:08:16.941] [bmv2] [D] [thread 12062] [4.0] [cxt 0] Deparser 'deparser': end
[15:08:16.941] [bmv2] [D] [thread 12066] [4.0] [cxt 0] Transmitting packet of size 225 out of port 0
[15:08:16.950] [bmv2] [D] [thread 12061] [5.0] [cxt 0] Processing packet received on port 1
[15:08:16.950] [bmv2] [D] [thread 12061] [5.0] [cxt 0] Parser 'parser': start
[15:08:16.951] [bmv2] [D] [thread 12061] [5.0] [cxt 0] Parser 'parser' entering state 'start'
[15:08:16.951] [bmv2] [D] [thread 12061] [5.0] [cxt 0] Extracting header 'ethernet'
[15:08:16.951] [bmv2] [D] [thread 12061] [5.0] [cxt 0] Parser state 'start': key is 86dd
[15:08:16.952] [bmv2] [T] [thread 12061] [5.0] [cxt 0] Bytes parsed: 14
[15:08:16.952] [bmv2] [D] [thread 12061] [5.0] [cxt 0] Parser 'parser': end
[15:08:16.953] [bmv2] [D] [thread 12061] [5.0] [cxt 0] Pipeline 'ingress': start
[15:08:16.953] [bmv2] [T] [thread 12061] [5.0] [cxt 0] basic.p4(124) Condition "hdr.ipv4.isValid()" (node_2) is false
[15:08:16.953] [bmv2] [D] [thread 12061] [5.0] [cxt 0] Pipeline 'ingress': end
[15:08:16.954] [bmv2] [D] [thread 12061] [5.0] [cxt 0] Egress port is 0
[15:08:16.954] [bmv2] [D] [thread 12062] [5.0] [cxt 0] Pipeline 'egress': start
[15:08:16.954] [bmv2] [D] [thread 12062] [5.0] [cxt 0] Pipeline 'egress': end
[15:08:16.955] [bmv2] [D] [thread 12062] [5.0] [cxt 0] Deparser 'deparser': start
[15:08:16.955] [bmv2] [T] [thread 12062] [5.0] [cxt 0] Skipping checksum 'cksum' update because condition not met
[15:08:16.956] [bmv2] [D] [thread 12062] [5.0] [cxt 0] Deparsing header 'ethernet'
[15:08:16.956] [bmv2] [D] [thread 12062] [5.0] [cxt 0] Deparser 'deparser': end
[15:08:16.956] [bmv2] [D] [thread 12066] [5.0] [cxt 0] Transmitting packet of size 110 out of port 0
[15:08:16.997] [bmv2] [D] [thread 12061] [6.0] [cxt 0] Processing packet received on port 1
[15:08:16.997] [bmv2] [D] [thread 12061] [6.0] [cxt 0] Parser 'parser': start
[15:08:16.998] [bmv2] [D] [thread 12061] [6.0] [cxt 0] Parser 'parser' entering state 'start'
[15:08:16.998] [bmv2] [D] [thread 12061] [6.0] [cxt 0] Extracting header 'ethernet'
[15:08:16.998] [bmv2] [D] [thread 12061] [6.0] [cxt 0] Parser state 'start': key is 86dd
[15:08:16.999] [bmv2] [T] [thread 12061] [6.0] [cxt 0] Bytes parsed: 14
[15:08:16.999] [bmv2] [D] [thread 12061] [6.0] [cxt 0] Parser 'parser': end
[15:08:16.999] [bmv2] [D] [thread 12061] [6.0] [cxt 0] Pipeline 'ingress': start
[15:08:17.000] [bmv2] [T] [thread 12061] [6.0] [cxt 0] basic.p4(124) Condition "hdr.ipv4.isValid()" (node_2) is false
[15:08:17.000] [bmv2] [D] [thread 12061] [6.0] [cxt 0] Pipeline 'ingress': end
[15:08:17.002] [bmv2] [D] [thread 12061] [6.0] [cxt 0] Egress port is 0
[15:08:17.002] [bmv2] [D] [thread 12062] [6.0] [cxt 0] Pipeline 'egress': start
[15:08:17.002] [bmv2] [D] [thread 12062] [6.0] [cxt 0] Pipeline 'egress': end
[15:08:17.003] [bmv2] [D] [thread 12062] [6.0] [cxt 0] Deparser 'deparser': start
[15:08:17.003] [bmv2] [T] [thread 12062] [6.0] [cxt 0] Skipping checksum 'cksum' update because condition not met
[15:08:17.004] [bmv2] [D] [thread 12062] [6.0] [cxt 0] Deparsing header 'ethernet'
[15:08:17.004] [bmv2] [D] [thread 12062] [6.0] [cxt 0] Deparser 'deparser': end
[15:08:17.005] [bmv2] [D] [thread 12066] [6.0] [cxt 0] Transmitting packet of size 203 out of port 0
[15:08:17.002] [bmv2] [D] [thread 12061] [7.0] [cxt 0] Processing packet received on port 2
[15:08:17.005] [bmv2] [D] [thread 12061] [7.0] [cxt 0] Parser 'parser': start
[15:08:17.006] [bmv2] [D] [thread 12061] [7.0] [cxt 0] Parser 'parser' entering state 'start'
[15:08:17.006] [bmv2] [D] [thread 12061] [7.0] [cxt 0] Extracting header 'ethernet'
[15:08:17.007] [bmv2] [D] [thread 12061] [7.0] [cxt 0] Parser state 'start': key is 86dd
[15:08:17.008] [bmv2] [T] [thread 12061] [7.0] [cxt 0] Bytes parsed: 14
[15:08:17.009] [bmv2] [D] [thread 12061] [7.0] [cxt 0] Parser 'parser': end
[15:08:17.009] [bmv2] [D] [thread 12061] [7.0] [cxt 0] Pipeline 'ingress': start
[15:08:17.009] [bmv2] [T] [thread 12061] [7.0] [cxt 0] basic.p4(124) Condition "hdr.ipv4.isValid()" (node_2) is false
[15:08:17.010] [bmv2] [D] [thread 12061] [7.0] [cxt 0] Pipeline 'ingress': end
[15:08:17.010] [bmv2] [D] [thread 12061] [7.0] [cxt 0] Egress port is 0
[15:08:17.010] [bmv2] [D] [thread 12062] [7.0] [cxt 0] Pipeline 'egress': start
[15:08:17.011] [bmv2] [D] [thread 12062] [7.0] [cxt 0] Pipeline 'egress': end
[15:08:17.011] [bmv2] [D] [thread 12062] [7.0] [cxt 0] Deparser 'deparser': start
[15:08:17.011] [bmv2] [T] [thread 12062] [7.0] [cxt 0] Skipping checksum 'cksum' update because condition not met
[15:08:17.011] [bmv2] [D] [thread 12062] [7.0] [cxt 0] Deparsing header 'ethernet'
[15:08:17.012] [bmv2] [D] [thread 12062] [7.0] [cxt 0] Deparser 'deparser': end
[15:08:17.012] [bmv2] [D] [thread 12066] [7.0] [cxt 0] Transmitting packet of size 213 out of port 0
[15:08:17.038] [bmv2] [D] [thread 12061] [8.0] [cxt 0] Processing packet received on port 2
[15:08:17.039] [bmv2] [D] [thread 12061] [8.0] [cxt 0] Parser 'parser': start
[15:08:17.039] [bmv2] [D] [thread 12061] [8.0] [cxt 0] Parser 'parser' entering state 'start'
[15:08:17.040] [bmv2] [D] [thread 12061] [8.0] [cxt 0] Extracting header 'ethernet'
[15:08:17.040] [bmv2] [D] [thread 12061] [8.0] [cxt 0] Parser state 'start': key is 86dd
[15:08:17.040] [bmv2] [T] [thread 12061] [8.0] [cxt 0] Bytes parsed: 14
[15:08:17.041] [bmv2] [D] [thread 12061] [8.0] [cxt 0] Parser 'parser': end
[15:08:17.041] [bmv2] [D] [thread 12061] [8.0] [cxt 0] Pipeline 'ingress': start
[15:08:17.041] [bmv2] [T] [thread 12061] [8.0] [cxt 0] basic.p4(124) Condition "hdr.ipv4.isValid()" (node_2) is false
[15:08:17.042] [bmv2] [D] [thread 12061] [8.0] [cxt 0] Pipeline 'ingress': end
[15:08:17.042] [bmv2] [D] [thread 12061] [8.0] [cxt 0] Egress port is 0
[15:08:17.042] [bmv2] [D] [thread 12062] [8.0] [cxt 0] Pipeline 'egress': start
[15:08:17.043] [bmv2] [D] [thread 12062] [8.0] [cxt 0] Pipeline 'egress': end
[15:08:17.043] [bmv2] [D] [thread 12062] [8.0] [cxt 0] Deparser 'deparser': start
[15:08:17.044] [bmv2] [T] [thread 12062] [8.0] [cxt 0] Skipping checksum 'cksum' update because condition not met
[15:08:17.044] [bmv2] [D] [thread 12062] [8.0] [cxt 0] Deparsing header 'ethernet'
[15:08:17.044] [bmv2] [D] [thread 12062] [8.0] [cxt 0] Deparser 'deparser': end
[15:08:17.045] [bmv2] [D] [thread 12066] [8.0] [cxt 0] Transmitting packet of size 225 out of port 0
[15:08:17.078] [bmv2] [D] [thread 12061] [9.0] [cxt 0] Processing packet received on port 2
[15:08:17.078] [bmv2] [D] [thread 12061] [9.0] [cxt 0] Parser 'parser': start
[15:08:17.078] [bmv2] [D] [thread 12061] [9.0] [cxt 0] Parser 'parser' entering state 'start'
[15:08:17.079] [bmv2] [D] [thread 12061] [9.0] [cxt 0] Extracting header 'ethernet'
[15:08:17.079] [bmv2] [D] [thread 12061] [9.0] [cxt 0] Parser state 'start': key is 86dd
[15:08:17.079] [bmv2] [T] [thread 12061] [9.0] [cxt 0] Bytes parsed: 14
[15:08:17.080] [bmv2] [D] [thread 12061] [9.0] [cxt 0] Parser 'parser': end
[15:08:17.080] [bmv2] [D] [thread 12061] [9.0] [cxt 0] Pipeline 'ingress': start
[15:08:17.080] [bmv2] [T] [thread 12061] [9.0] [cxt 0] basic.p4(124) Condition "hdr.ipv4.isValid()" (node_2) is false
[15:08:17.081] [bmv2] [D] [thread 12061] [9.0] [cxt 0] Pipeline 'ingress': end
[15:08:17.081] [bmv2] [D] [thread 12061] [9.0] [cxt 0] Egress port is 0
[15:08:17.081] [bmv2] [D] [thread 12062] [9.0] [cxt 0] Pipeline 'egress': start
[15:08:17.082] [bmv2] [D] [thread 12062] [9.0] [cxt 0] Pipeline 'egress': end
[15:08:17.082] [bmv2] [D] [thread 12062] [9.0] [cxt 0] Deparser 'deparser': start
[15:08:17.082] [bmv2] [T] [thread 12062] [9.0] [cxt 0] Skipping checksum 'cksum' update because condition not met
[15:08:17.083] [bmv2] [D] [thread 12062] [9.0] [cxt 0] Deparsing header 'ethernet'
[15:08:17.083] [bmv2] [D] [thread 12062] [9.0] [cxt 0] Deparser 'deparser': end
[15:08:17.083] [bmv2] [D] [thread 12066] [9.0] [cxt 0] Transmitting packet of size 110 out of port 0
[15:08:17.142] [bmv2] [D] [thread 12061] [10.0] [cxt 0] Processing packet received on port 2
[15:08:17.142] [bmv2] [D] [thread 12061] [10.0] [cxt 0] Parser 'parser': start
[15:08:17.142] [bmv2] [D] [thread 12061] [10.0] [cxt 0] Parser 'parser' entering state 'start'
[15:08:17.143] [bmv2] [D] [thread 12061] [10.0] [cxt 0] Extracting header 'ethernet'
[15:08:17.143] [bmv2] [D] [thread 12061] [10.0] [cxt 0] Parser state 'start': key is 86dd
[15:08:17.143] [bmv2] [T] [thread 12061] [10.0] [cxt 0] Bytes parsed: 14
[15:08:17.144] [bmv2] [D] [thread 12061] [10.0] [cxt 0] Parser 'parser': end
[15:08:17.144] [bmv2] [D] [thread 12061] [10.0] [cxt 0] Pipeline 'ingress': start
[15:08:17.144] [bmv2] [T] [thread 12061] [10.0] [cxt 0] basic.p4(124) Condition "hdr.ipv4.isValid()" (node_2) is false
[15:08:17.145] [bmv2] [D] [thread 12061] [10.0] [cxt 0] Pipeline 'ingress': end
[15:08:17.145] [bmv2] [D] [thread 12061] [10.0] [cxt 0] Egress port is 0
[15:08:17.145] [bmv2] [D] [thread 12062] [10.0] [cxt 0] Pipeline 'egress': start
[15:08:17.146] [bmv2] [D] [thread 12062] [10.0] [cxt 0] Pipeline 'egress': end
[15:08:17.146] [bmv2] [D] [thread 12062] [10.0] [cxt 0] Deparser 'deparser': start
[15:08:17.146] [bmv2] [T] [thread 12062] [10.0] [cxt 0] Skipping checksum 'cksum' update because condition not met
[15:08:17.147] [bmv2] [D] [thread 12062] [10.0] [cxt 0] Deparsing header 'ethernet'
[15:08:17.147] [bmv2] [D] [thread 12062] [10.0] [cxt 0] Deparser 'deparser': end
[15:08:17.147] [bmv2] [D] [thread 12066] [10.0] [cxt 0] Transmitting packet of size 90 out of port 0
[15:08:17.184] [bmv2] [D] [thread 12061] [11.0] [cxt 0] Processing packet received on port 1
[15:08:17.184] [bmv2] [D] [thread 12061] [11.0] [cxt 0] Parser 'parser': start
[15:08:17.185] [bmv2] [D] [thread 12061] [11.0] [cxt 0] Parser 'parser' entering state 'start'
[15:08:17.187] [bmv2] [D] [thread 12061] [11.0] [cxt 0] Extracting header 'ethernet'
[15:08:17.187] [bmv2] [D] [thread 12061] [11.0] [cxt 0] Parser state 'start': key is 86dd
[15:08:17.187] [bmv2] [T] [thread 12061] [11.0] [cxt 0] Bytes parsed: 14
[15:08:17.188] [bmv2] [D] [thread 12061] [11.0] [cxt 0] Parser 'parser': end
[15:08:17.188] [bmv2] [D] [thread 12061] [11.0] [cxt 0] Pipeline 'ingress': start
[15:08:17.188] [bmv2] [T] [thread 12061] [11.0] [cxt 0] basic.p4(124) Condition "hdr.ipv4.isValid()" (node_2) is false
[15:08:17.189] [bmv2] [D] [thread 12061] [11.0] [cxt 0] Pipeline 'ingress': end
[15:08:17.189] [bmv2] [D] [thread 12061] [11.0] [cxt 0] Egress port is 0
[15:08:17.190] [bmv2] [D] [thread 12062] [11.0] [cxt 0] Pipeline 'egress': start
[15:08:17.190] [bmv2] [D] [thread 12062] [11.0] [cxt 0] Pipeline 'egress': end
[15:08:17.190] [bmv2] [D] [thread 12062] [11.0] [cxt 0] Deparser 'deparser': start
[15:08:17.191] [bmv2] [T] [thread 12062] [11.0] [cxt 0] Skipping checksum 'cksum' update because condition not met
[15:08:17.191] [bmv2] [D] [thread 12062] [11.0] [cxt 0] Deparsing header 'ethernet'
[15:08:17.193] [bmv2] [D] [thread 12062] [11.0] [cxt 0] Deparser 'deparser': end
[15:08:17.193] [bmv2] [D] [thread 12066] [11.0] [cxt 0] Transmitting packet of size 225 out of port 0
[15:08:17.292] [bmv2] [D] [thread 12061] [12.0] [cxt 0] Processing packet received on port 2
[15:08:17.293] [bmv2] [D] [thread 12061] [12.0] [cxt 0] Parser 'parser': start
[15:08:17.293] [bmv2] [D] [thread 12061] [12.0] [cxt 0] Parser 'parser' entering state 'start'
[15:08:17.293] [bmv2] [D] [thread 12061] [12.0] [cxt 0] Extracting header 'ethernet'
[15:08:17.294] [bmv2] [D] [thread 12061] [12.0] [cxt 0] Parser state 'start': key is 86dd
[15:08:17.294] [bmv2] [T] [thread 12061] [12.0] [cxt 0] Bytes parsed: 14
[15:08:17.294] [bmv2] [D] [thread 12061] [12.0] [cxt 0] Parser 'parser': end
[15:08:17.295] [bmv2] [D] [thread 12061] [12.0] [cxt 0] Pipeline 'ingress': start
[15:08:17.299] [bmv2] [T] [thread 12061] [12.0] [cxt 0] basic.p4(124) Condition "hdr.ipv4.isValid()" (node_2) is false
[15:08:17.300] [bmv2] [D] [thread 12061] [12.0] [cxt 0] Pipeline 'ingress': end
[15:08:17.301] [bmv2] [D] [thread 12061] [12.0] [cxt 0] Egress port is 0
[15:08:17.301] [bmv2] [D] [thread 12062] [12.0] [cxt 0] Pipeline 'egress': start
[15:08:17.303] [bmv2] [D] [thread 12062] [12.0] [cxt 0] Pipeline 'egress': end
[15:08:17.303] [bmv2] [D] [thread 12062] [12.0] [cxt 0] Deparser 'deparser': start
[15:08:17.304] [bmv2] [T] [thread 12062] [12.0] [cxt 0] Skipping checksum 'cksum' update because condition not met
[15:08:17.304] [bmv2] [D] [thread 12062] [12.0] [cxt 0] Deparsing header 'ethernet'
[15:08:17.305] [bmv2] [D] [thread 12062] [12.0] [cxt 0] Deparser 'deparser': end
[15:08:17.305] [bmv2] [D] [thread 12066] [12.0] [cxt 0] Transmitting packet of size 225 out of port 0
[15:08:17.317] [bmv2] [D] [thread 12061] [13.0] [cxt 0] Processing packet received on port 2
[15:08:17.317] [bmv2] [D] [thread 12061] [13.0] [cxt 0] Parser 'parser': start
[15:08:17.318] [bmv2] [D] [thread 12061] [13.0] [cxt 0] Parser 'parser' entering state 'start'
[15:08:17.318] [bmv2] [D] [thread 12061] [13.0] [cxt 0] Extracting header 'ethernet'
[15:08:17.318] [bmv2] [D] [thread 12061] [13.0] [cxt 0] Parser state 'start': key is 86dd
[15:08:17.319] [bmv2] [T] [thread 12061] [13.0] [cxt 0] Bytes parsed: 14
[15:08:17.319] [bmv2] [D] [thread 12061] [13.0] [cxt 0] Parser 'parser': end
[15:08:17.319] [bmv2] [D] [thread 12061] [13.0] [cxt 0] Pipeline 'ingress': start
[15:08:17.320] [bmv2] [T] [thread 12061] [13.0] [cxt 0] basic.p4(124) Condition "hdr.ipv4.isValid()" (node_2) is false
[15:08:17.320] [bmv2] [D] [thread 12061] [13.0] [cxt 0] Pipeline 'ingress': end
[15:08:17.321] [bmv2] [D] [thread 12061] [13.0] [cxt 0] Egress port is 0
[15:08:17.321] [bmv2] [D] [thread 12062] [13.0] [cxt 0] Pipeline 'egress': start
[15:08:17.322] [bmv2] [D] [thread 12062] [13.0] [cxt 0] Pipeline 'egress': end
[15:08:17.322] [bmv2] [D] [thread 12062] [13.0] [cxt 0] Deparser 'deparser': start
[15:08:17.323] [bmv2] [T] [thread 12062] [13.0] [cxt 0] Skipping checksum 'cksum' update because condition not met
[15:08:17.324] [bmv2] [D] [thread 12062] [13.0] [cxt 0] Deparsing header 'ethernet'
[15:08:17.324] [bmv2] [D] [thread 12062] [13.0] [cxt 0] Deparser 'deparser': end
[15:08:17.325] [bmv2] [D] [thread 12066] [13.0] [cxt 0] Transmitting packet of size 203 out of port 0
[15:08:17.385] [bmv2] [D] [thread 12061] [14.0] [cxt 0] Processing packet received on port 1
[15:08:17.385] [bmv2] [D] [thread 12061] [14.0] [cxt 0] Parser 'parser': start
[15:08:17.386] [bmv2] [D] [thread 12061] [14.0] [cxt 0] Parser 'parser' entering state 'start'
[15:08:17.386] [bmv2] [D] [thread 12061] [14.0] [cxt 0] Extracting header 'ethernet'
[15:08:17.387] [bmv2] [D] [thread 12061] [14.0] [cxt 0] Parser state 'start': key is 86dd
[15:08:17.387] [bmv2] [T] [thread 12061] [14.0] [cxt 0] Bytes parsed: 14
[15:08:17.388] [bmv2] [D] [thread 12061] [14.0] [cxt 0] Parser 'parser': end
[15:08:17.388] [bmv2] [D] [thread 12061] [14.0] [cxt 0] Pipeline 'ingress': start
[15:08:17.388] [bmv2] [T] [thread 12061] [14.0] [cxt 0] basic.p4(124) Condition "hdr.ipv4.isValid()" (node_2) is false
[15:08:17.389] [bmv2] [D] [thread 12061] [14.0] [cxt 0] Pipeline 'ingress': end
[15:08:17.389] [bmv2] [D] [thread 12061] [14.0] [cxt 0] Egress port is 0
[15:08:17.390] [bmv2] [D] [thread 12062] [14.0] [cxt 0] Pipeline 'egress': start
[15:08:17.390] [bmv2] [D] [thread 12062] [14.0] [cxt 0] Pipeline 'egress': end
[15:08:17.390] [bmv2] [D] [thread 12062] [14.0] [cxt 0] Deparser 'deparser': start
[15:08:17.391] [bmv2] [T] [thread 12062] [14.0] [cxt 0] Skipping checksum 'cksum' update because condition not met
[15:08:17.391] [bmv2] [D] [thread 12062] [14.0] [cxt 0] Deparsing header 'ethernet'
[15:08:17.392] [bmv2] [D] [thread 12062] [14.0] [cxt 0] Deparser 'deparser': end
[15:08:17.392] [bmv2] [D] [thread 12066] [14.0] [cxt 0] Transmitting packet of size 213 out of port 0
[15:08:17.494] [bmv2] [D] [thread 12061] [15.0] [cxt 0] Processing packet received on port 2
[15:08:17.495] [bmv2] [D] [thread 12061] [15.0] [cxt 0] Parser 'parser': start
[15:08:17.495] [bmv2] [D] [thread 12061] [15.0] [cxt 0] Parser 'parser' entering state 'start'
[15:08:17.496] [bmv2] [D] [thread 12061] [15.0] [cxt 0] Extracting header 'ethernet'
[15:08:17.497] [bmv2] [D] [thread 12061] [15.0] [cxt 0] Parser state 'start': key is 86dd
[15:08:17.498] [bmv2] [T] [thread 12061] [15.0] [cxt 0] Bytes parsed: 14
[15:08:17.499] [bmv2] [D] [thread 12061] [15.0] [cxt 0] Parser 'parser': end
[15:08:17.500] [bmv2] [D] [thread 12061] [15.0] [cxt 0] Pipeline 'ingress': start
[15:08:17.500] [bmv2] [T] [thread 12061] [15.0] [cxt 0] basic.p4(124) Condition "hdr.ipv4.isValid()" (node_2) is false
[15:08:17.501] [bmv2] [D] [thread 12061] [15.0] [cxt 0] Pipeline 'ingress': end
[15:08:17.502] [bmv2] [D] [thread 12061] [15.0] [cxt 0] Egress port is 0
[15:08:17.503] [bmv2] [D] [thread 12062] [15.0] [cxt 0] Pipeline 'egress': start
[15:08:17.503] [bmv2] [D] [thread 12062] [15.0] [cxt 0] Pipeline 'egress': end
[15:08:17.504] [bmv2] [D] [thread 12062] [15.0] [cxt 0] Deparser 'deparser': start
[15:08:17.505] [bmv2] [T] [thread 12062] [15.0] [cxt 0] Skipping checksum 'cksum' update because condition not met
[15:08:17.505] [bmv2] [D] [thread 12062] [15.0] [cxt 0] Deparsing header 'ethernet'
[15:08:17.506] [bmv2] [D] [thread 12062] [15.0] [cxt 0] Deparser 'deparser': end
[15:08:17.507] [bmv2] [D] [thread 12066] [15.0] [cxt 0] Transmitting packet of size 213 out of port 0
[15:08:17.701] [bmv2] [D] [thread 12061] [16.0] [cxt 0] Processing packet received on port 1
[15:08:17.702] [bmv2] [D] [thread 12061] [16.0] [cxt 0] Parser 'parser': start
[15:08:17.702] [bmv2] [D] [thread 12061] [16.0] [cxt 0] Parser 'parser' entering state 'start'
[15:08:17.703] [bmv2] [D] [thread 12061] [16.0] [cxt 0] Extracting header 'ethernet'
[15:08:17.703] [bmv2] [D] [thread 12061] [16.0] [cxt 0] Parser state 'start': key is 86dd
[15:08:17.711] [bmv2] [T] [thread 12061] [16.0] [cxt 0] Bytes parsed: 14
[15:08:17.713] [bmv2] [D] [thread 12061] [16.0] [cxt 0] Parser 'parser': end
[15:08:17.716] [bmv2] [D] [thread 12061] [16.0] [cxt 0] Pipeline 'ingress': start
[15:08:17.717] [bmv2] [T] [thread 12061] [16.0] [cxt 0] basic.p4(124) Condition "hdr.ipv4.isValid()" (node_2) is false
[15:08:17.718] [bmv2] [D] [thread 12061] [16.0] [cxt 0] Pipeline 'ingress': end
[15:08:17.718] [bmv2] [D] [thread 12061] [16.0] [cxt 0] Egress port is 0
[15:08:17.718] [bmv2] [D] [thread 12062] [16.0] [cxt 0] Pipeline 'egress': start
[15:08:17.719] [bmv2] [D] [thread 12062] [16.0] [cxt 0] Pipeline 'egress': end
[15:08:17.719] [bmv2] [D] [thread 12062] [16.0] [cxt 0] Deparser 'deparser': start
[15:08:17.719] [bmv2] [T] [thread 12062] [16.0] [cxt 0] Skipping checksum 'cksum' update because condition not met
[15:08:17.720] [bmv2] [D] [thread 12062] [16.0] [cxt 0] Deparsing header 'ethernet'
[15:08:17.720] [bmv2] [D] [thread 12062] [16.0] [cxt 0] Deparser 'deparser': end
[15:08:17.720] [bmv2] [D] [thread 12066] [16.0] [cxt 0] Transmitting packet of size 203 out of port 0
[15:08:17.718] [bmv2] [D] [thread 12061] [17.0] [cxt 0] Processing packet received on port 1
[15:08:17.721] [bmv2] [D] [thread 12061] [17.0] [cxt 0] Parser 'parser': start
[15:08:17.721] [bmv2] [D] [thread 12061] [17.0] [cxt 0] Parser 'parser' entering state 'start'
[15:08:17.721] [bmv2] [D] [thread 12061] [17.0] [cxt 0] Extracting header 'ethernet'
[15:08:17.722] [bmv2] [D] [thread 12061] [17.0] [cxt 0] Parser state 'start': key is 86dd
[15:08:17.722] [bmv2] [T] [thread 12061] [17.0] [cxt 0] Bytes parsed: 14
[15:08:17.722] [bmv2] [D] [thread 12061] [17.0] [cxt 0] Parser 'parser': end
[15:08:17.722] [bmv2] [D] [thread 12061] [17.0] [cxt 0] Pipeline 'ingress': start
[15:08:17.722] [bmv2] [T] [thread 12061] [17.0] [cxt 0] basic.p4(124) Condition "hdr.ipv4.isValid()" (node_2) is false
[15:08:17.723] [bmv2] [D] [thread 12061] [17.0] [cxt 0] Pipeline 'ingress': end
[15:08:17.723] [bmv2] [D] [thread 12061] [17.0] [cxt 0] Egress port is 0
[15:08:17.723] [bmv2] [D] [thread 12062] [17.0] [cxt 0] Pipeline 'egress': start
[15:08:17.723] [bmv2] [D] [thread 12062] [17.0] [cxt 0] Pipeline 'egress': end
[15:08:17.723] [bmv2] [D] [thread 12062] [17.0] [cxt 0] Deparser 'deparser': start
[15:08:17.724] [bmv2] [T] [thread 12062] [17.0] [cxt 0] Skipping checksum 'cksum' update because condition not met
[15:08:17.724] [bmv2] [D] [thread 12062] [17.0] [cxt 0] Deparsing header 'ethernet'
[15:08:17.724] [bmv2] [D] [thread 12062] [17.0] [cxt 0] Deparser 'deparser': end
[15:08:17.724] [bmv2] [D] [thread 12066] [17.0] [cxt 0] Transmitting packet of size 213 out of port 0
[15:08:17.811] [bmv2] [D] [thread 12061] [18.0] [cxt 0] Processing packet received on port 2
[15:08:17.811] [bmv2] [D] [thread 12061] [18.0] [cxt 0] Parser 'parser': start
[15:08:17.812] [bmv2] [D] [thread 12061] [18.0] [cxt 0] Parser 'parser' entering state 'start'
[15:08:17.812] [bmv2] [D] [thread 12061] [18.0] [cxt 0] Extracting header 'ethernet'
[15:08:17.812] [bmv2] [D] [thread 12061] [18.0] [cxt 0] Parser state 'start': key is 86dd
[15:08:17.812] [bmv2] [T] [thread 12061] [18.0] [cxt 0] Bytes parsed: 14
[15:08:17.812] [bmv2] [D] [thread 12061] [18.0] [cxt 0] Parser 'parser': end
[15:08:17.812] [bmv2] [D] [thread 12061] [18.0] [cxt 0] Pipeline 'ingress': start
[15:08:17.813] [bmv2] [T] [thread 12061] [18.0] [cxt 0] basic.p4(124) Condition "hdr.ipv4.isValid()" (node_2) is false
[15:08:17.813] [bmv2] [D] [thread 12061] [18.0] [cxt 0] Pipeline 'ingress': end
[15:08:17.813] [bmv2] [D] [thread 12061] [18.0] [cxt 0] Egress port is 0
[15:08:17.813] [bmv2] [D] [thread 12062] [18.0] [cxt 0] Pipeline 'egress': start
[15:08:17.813] [bmv2] [D] [thread 12062] [18.0] [cxt 0] Pipeline 'egress': end
[15:08:17.813] [bmv2] [D] [thread 12062] [18.0] [cxt 0] Deparser 'deparser': start
[15:08:17.813] [bmv2] [T] [thread 12062] [18.0] [cxt 0] Skipping checksum 'cksum' update because condition not met
[15:08:17.814] [bmv2] [D] [thread 12062] [18.0] [cxt 0] Deparsing header 'ethernet'
[15:08:17.814] [bmv2] [D] [thread 12062] [18.0] [cxt 0] Deparser 'deparser': end
[15:08:17.814] [bmv2] [D] [thread 12066] [18.0] [cxt 0] Transmitting packet of size 203 out of port 0
[15:08:18.035] [bmv2] [D] [thread 12061] [19.0] [cxt 0] Processing packet received on port 2
[15:08:18.036] [bmv2] [D] [thread 12061] [19.0] [cxt 0] Parser 'parser': start
[15:08:18.036] [bmv2] [D] [thread 12061] [19.0] [cxt 0] Parser 'parser' entering state 'start'
[15:08:18.036] [bmv2] [D] [thread 12061] [19.0] [cxt 0] Extracting header 'ethernet'
[15:08:18.037] [bmv2] [D] [thread 12061] [19.0] [cxt 0] Parser state 'start': key is 86dd
[15:08:18.037] [bmv2] [T] [thread 12061] [19.0] [cxt 0] Bytes parsed: 14
[15:08:18.038] [bmv2] [D] [thread 12061] [19.0] [cxt 0] Parser 'parser': end
[15:08:18.038] [bmv2] [D] [thread 12061] [19.0] [cxt 0] Pipeline 'ingress': start
[15:08:18.039] [bmv2] [T] [thread 12061] [19.0] [cxt 0] basic.p4(124) Condition "hdr.ipv4.isValid()" (node_2) is false
[15:08:18.039] [bmv2] [D] [thread 12061] [19.0] [cxt 0] Pipeline 'ingress': end
[15:08:18.039] [bmv2] [D] [thread 12061] [19.0] [cxt 0] Egress port is 0
[15:08:18.040] [bmv2] [D] [thread 12062] [19.0] [cxt 0] Pipeline 'egress': start
[15:08:18.040] [bmv2] [D] [thread 12062] [19.0] [cxt 0] Pipeline 'egress': end
[15:08:18.041] [bmv2] [D] [thread 12062] [19.0] [cxt 0] Deparser 'deparser': start
[15:08:18.041] [bmv2] [T] [thread 12062] [19.0] [cxt 0] Skipping checksum 'cksum' update because condition not met
[15:08:18.042] [bmv2] [D] [thread 12062] [19.0] [cxt 0] Deparsing header 'ethernet'
[15:08:18.042] [bmv2] [D] [thread 12062] [19.0] [cxt 0] Deparser 'deparser': end
[15:08:18.043] [bmv2] [D] [thread 12066] [19.0] [cxt 0] Transmitting packet of size 213 out of port 0
[15:08:18.421] [bmv2] [D] [thread 12061] [20.0] [cxt 0] Processing packet received on port 1
[15:08:18.421] [bmv2] [D] [thread 12061] [20.0] [cxt 0] Parser 'parser': start
[15:08:18.422] [bmv2] [D] [thread 12061] [20.0] [cxt 0] Parser 'parser' entering state 'start'
[15:08:18.422] [bmv2] [D] [thread 12061] [20.0] [cxt 0] Extracting header 'ethernet'
[15:08:18.422] [bmv2] [D] [thread 12061] [20.0] [cxt 0] Parser state 'start': key is 86dd
[15:08:18.422] [bmv2] [T] [thread 12061] [20.0] [cxt 0] Bytes parsed: 14
[15:08:18.426] [bmv2] [D] [thread 12061] [20.0] [cxt 0] Parser 'parser': end
[15:08:18.427] [bmv2] [D] [thread 12061] [20.0] [cxt 0] Pipeline 'ingress': start
[15:08:18.427] [bmv2] [T] [thread 12061] [20.0] [cxt 0] basic.p4(124) Condition "hdr.ipv4.isValid()" (node_2) is false
[15:08:18.427] [bmv2] [D] [thread 12061] [20.0] [cxt 0] Pipeline 'ingress': end
[15:08:18.427] [bmv2] [D] [thread 12061] [20.0] [cxt 0] Egress port is 0
[15:08:18.427] [bmv2] [D] [thread 12062] [20.0] [cxt 0] Pipeline 'egress': start
[15:08:18.427] [bmv2] [D] [thread 12062] [20.0] [cxt 0] Pipeline 'egress': end
[15:08:18.427] [bmv2] [D] [thread 12062] [20.0] [cxt 0] Deparser 'deparser': start
[15:08:18.428] [bmv2] [T] [thread 12062] [20.0] [cxt 0] Skipping checksum 'cksum' update because condition not met
[15:08:18.428] [bmv2] [D] [thread 12062] [20.0] [cxt 0] Deparsing header 'ethernet'
[15:08:18.428] [bmv2] [D] [thread 12062] [20.0] [cxt 0] Deparser 'deparser': end
[15:08:18.428] [bmv2] [D] [thread 12066] [20.0] [cxt 0] Transmitting packet of size 213 out of port 0
[15:08:18.527] [bmv2] [D] [thread 12061] [21.0] [cxt 0] Processing packet received on port 2
[15:08:18.527] [bmv2] [D] [thread 12061] [21.0] [cxt 0] Parser 'parser': start
[15:08:18.527] [bmv2] [D] [thread 12061] [21.0] [cxt 0] Parser 'parser' entering state 'start'
[15:08:18.527] [bmv2] [D] [thread 12061] [21.0] [cxt 0] Extracting header 'ethernet'
[15:08:18.528] [bmv2] [D] [thread 12061] [21.0] [cxt 0] Parser state 'start': key is 86dd
[15:08:18.528] [bmv2] [T] [thread 12061] [21.0] [cxt 0] Bytes parsed: 14
[15:08:18.528] [bmv2] [D] [thread 12061] [21.0] [cxt 0] Parser 'parser': end
[15:08:18.528] [bmv2] [D] [thread 12061] [21.0] [cxt 0] Pipeline 'ingress': start
[15:08:18.528] [bmv2] [T] [thread 12061] [21.0] [cxt 0] basic.p4(124) Condition "hdr.ipv4.isValid()" (node_2) is false
[15:08:18.529] [bmv2] [D] [thread 12061] [21.0] [cxt 0] Pipeline 'ingress': end
[15:08:18.529] [bmv2] [D] [thread 12061] [21.0] [cxt 0] Egress port is 0
[15:08:18.529] [bmv2] [D] [thread 12062] [21.0] [cxt 0] Pipeline 'egress': start
[15:08:18.529] [bmv2] [D] [thread 12062] [21.0] [cxt 0] Pipeline 'egress': end
[15:08:18.529] [bmv2] [D] [thread 12062] [21.0] [cxt 0] Deparser 'deparser': start
[15:08:18.532] [bmv2] [T] [thread 12062] [21.0] [cxt 0] Skipping checksum 'cksum' update because condition not met
[15:08:18.532] [bmv2] [D] [thread 12062] [21.0] [cxt 0] Deparsing header 'ethernet'
[15:08:18.532] [bmv2] [D] [thread 12062] [21.0] [cxt 0] Deparser 'deparser': end
[15:08:18.532] [bmv2] [D] [thread 12066] [21.0] [cxt 0] Transmitting packet of size 213 out of port 0
New connection
P4Runtime SetForwardingPipelineConfig
[15:08:18.836] [bmv2] [W] [thread 12111] [P4Runtime] p4::tmp::P4DeviceConfig is deprecated
[15:08:18.841] [bmv2] [D] [thread 12111] Set default default entry for table 'MyIngress.ipv4_lpm': MyIngress.drop - 
P4Runtime Write
device_id: 3
election_id {
  low: 1
}
updates {
  type: MODIFY
  entity {
    table_entry {
      table_id: 33574068
      action {
        action {
          action_id: 16805608
        }
      }
      is_default_action: true
    }
  }
}
[15:08:18.856] [bmv2] [D] [thread 12112] Set default entry for table 'MyIngress.ipv4_lpm': MyIngress.drop - 
P4Runtime Write
device_id: 3
election_id {
  low: 1
}
updates {
  type: INSERT
  entity {
    table_entry {
      table_id: 33574068
      match {
        field_id: 1
        lpm {
          value: "\n\000\001\001"
          prefix_len: 32
        }
      }
      action {
        action {
          action_id: 16799317
          params {
            param_id: 1
            value: "\010\000\000\000\001\000"
          }
          params {
            param_id: 2
            value: "\000\002"
          }
        }
      }
    }
  }
}
[15:08:18.863] [bmv2] [D] [thread 12111] Entry 0 added to table 'MyIngress.ipv4_lpm'
[15:08:18.863] [bmv2] [D] [thread 12111] Dumping entry 0
Match key:
* hdr.ipv4.dstAddr    : LPM       0a000101/32
Action entry: MyIngress.ipv4_forward - 80000000100,2,

P4Runtime Write
device_id: 3
election_id {
  low: 1
}
updates {
  type: INSERT
  entity {
    table_entry {
      table_id: 33574068
      match {
        field_id: 1
        lpm {
          value: "\n\000\002\002"
          prefix_len: 32
        }
      }
      action {
        action {
          action_id: 16799317
          params {
            param_id: 1
            value: "\010\000\000\000\001\000"
          }
          params {
            param_id: 2
            value: "\000\002"
          }
        }
      }
    }
  }
}
[15:08:18.882] [bmv2] [D] [thread 12112] Entry 1 added to table 'MyIngress.ipv4_lpm'
[15:08:18.883] [bmv2] [D] [thread 12112] Dumping entry 1
Match key:
* hdr.ipv4.dstAddr    : LPM       0a000202/32
Action entry: MyIngress.ipv4_forward - 80000000100,2,

P4Runtime Write
device_id: 3
election_id {
  low: 1
}
updates {
  type: INSERT
  entity {
    table_entry {
      table_id: 33574068
      match {
        field_id: 1
        lpm {
          value: "\n\000\003\003"
          prefix_len: 32
        }
      }
      action {
        action {
          action_id: 16799317
          params {
            param_id: 1
            value: "\010\000\000\000\002\000"
          }
          params {
            param_id: 2
            value: "\000\001"
          }
        }
      }
    }
  }
}
[15:08:18.891] [bmv2] [D] [thread 12111] Entry 2 added to table 'MyIngress.ipv4_lpm'
[15:08:18.891] [bmv2] [D] [thread 12111] Dumping entry 2
Match key:
* hdr.ipv4.dstAddr    : LPM       0a000303/32
Action entry: MyIngress.ipv4_forward - 80000000200,1,

P4Runtime Write
device_id: 3
election_id {
  low: 1
}
updates {
  type: INSERT
  entity {
    table_entry {
      table_id: 33574068
      match {
        field_id: 1
        lpm {
          value: "\n\000\004\004"
          prefix_len: 32
        }
      }
      action {
        action {
          action_id: 16799317
          params {
            param_id: 1
            value: "\010\000\000\000\002\000"
          }
          params {
            param_id: 2
            value: "\000\001"
          }
        }
      }
    }
  }
}
[15:08:18.905] [bmv2] [D] [thread 12112] Entry 3 added to table 'MyIngress.ipv4_lpm'
[15:08:18.907] [bmv2] [D] [thread 12112] Dumping entry 3
Match key:
* hdr.ipv4.dstAddr    : LPM       0a000404/32
Action entry: MyIngress.ipv4_forward - 80000000200,1,

Connection removed
[15:08:19.002] [bmv2] [D] [thread 12061] [22.0] [cxt 0] Processing packet received on port 1
[15:08:19.002] [bmv2] [D] [thread 12061] [22.0] [cxt 0] Parser 'parser': start
[15:08:19.002] [bmv2] [D] [thread 12061] [22.0] [cxt 0] Parser 'parser' entering state 'start'
[15:08:19.002] [bmv2] [D] [thread 12061] [22.0] [cxt 0] Extracting header 'ethernet'
[15:08:19.002] [bmv2] [D] [thread 12061] [22.0] [cxt 0] Parser state 'start': key is 86dd
[15:08:19.002] [bmv2] [T] [thread 12061] [22.0] [cxt 0] Bytes parsed: 14
[15:08:19.003] [bmv2] [D] [thread 12061] [22.0] [cxt 0] Parser 'parser': end
[15:08:19.003] [bmv2] [D] [thread 12061] [22.0] [cxt 0] Pipeline 'ingress': start
[15:08:19.003] [bmv2] [T] [thread 12061] [22.0] [cxt 0] basic.p4(124) Condition "hdr.ipv4.isValid()" (node_2) is false
[15:08:19.003] [bmv2] [D] [thread 12061] [22.0] [cxt 0] Pipeline 'ingress': end
[15:08:19.003] [bmv2] [D] [thread 12061] [22.0] [cxt 0] Egress port is 0
[15:08:19.003] [bmv2] [D] [thread 12062] [22.0] [cxt 0] Pipeline 'egress': start
[15:08:19.003] [bmv2] [D] [thread 12062] [22.0] [cxt 0] Pipeline 'egress': end
[15:08:19.003] [bmv2] [D] [thread 12062] [22.0] [cxt 0] Deparser 'deparser': start
[15:08:19.003] [bmv2] [T] [thread 12062] [22.0] [cxt 0] Skipping checksum 'cksum' update because condition not met
[15:08:19.004] [bmv2] [D] [thread 12062] [22.0] [cxt 0] Deparsing header 'ethernet'
[15:08:19.004] [bmv2] [D] [thread 12062] [22.0] [cxt 0] Deparser 'deparser': end
[15:08:19.004] [bmv2] [D] [thread 12066] [22.0] [cxt 0] Transmitting packet of size 203 out of port 0
[15:08:19.319] [bmv2] [D] [thread 12061] [23.0] [cxt 0] Processing packet received on port 2
[15:08:19.319] [bmv2] [D] [thread 12061] [23.0] [cxt 0] Parser 'parser': start
[15:08:19.320] [bmv2] [D] [thread 12061] [23.0] [cxt 0] Parser 'parser' entering state 'start'
[15:08:19.320] [bmv2] [D] [thread 12061] [23.0] [cxt 0] Extracting header 'ethernet'
[15:08:19.321] [bmv2] [D] [thread 12061] [23.0] [cxt 0] Parser state 'start': key is 86dd
[15:08:19.321] [bmv2] [T] [thread 12061] [23.0] [cxt 0] Bytes parsed: 14
[15:08:19.322] [bmv2] [D] [thread 12061] [23.0] [cxt 0] Parser 'parser': end
[15:08:19.322] [bmv2] [D] [thread 12061] [23.0] [cxt 0] Pipeline 'ingress': start
[15:08:19.323] [bmv2] [T] [thread 12061] [23.0] [cxt 0] basic.p4(124) Condition "hdr.ipv4.isValid()" (node_2) is false
[15:08:19.323] [bmv2] [D] [thread 12061] [23.0] [cxt 0] Pipeline 'ingress': end
[15:08:19.324] [bmv2] [D] [thread 12061] [23.0] [cxt 0] Egress port is 0
[15:08:19.324] [bmv2] [D] [thread 12062] [23.0] [cxt 0] Pipeline 'egress': start
[15:08:19.325] [bmv2] [D] [thread 12062] [23.0] [cxt 0] Pipeline 'egress': end
[15:08:19.326] [bmv2] [D] [thread 12062] [23.0] [cxt 0] Deparser 'deparser': start
[15:08:19.327] [bmv2] [T] [thread 12062] [23.0] [cxt 0] Skipping checksum 'cksum' update because condition not met
[15:08:19.327] [bmv2] [D] [thread 12062] [23.0] [cxt 0] Deparsing header 'ethernet'
[15:08:19.328] [bmv2] [D] [thread 12062] [23.0] [cxt 0] Deparser 'deparser': end
[15:08:19.328] [bmv2] [D] [thread 12066] [23.0] [cxt 0] Transmitting packet of size 203 out of port 0
[15:08:19.702] [bmv2] [D] [thread 12061] [24.0] [cxt 0] Processing packet received on port 1
[15:08:19.703] [bmv2] [D] [thread 12061] [24.0] [cxt 0] Parser 'parser': start
[15:08:19.703] [bmv2] [D] [thread 12061] [24.0] [cxt 0] Parser 'parser' entering state 'start'
[15:08:19.704] [bmv2] [D] [thread 12061] [24.0] [cxt 0] Extracting header 'ethernet'
[15:08:19.705] [bmv2] [D] [thread 12061] [24.0] [cxt 0] Parser state 'start': key is 86dd
[15:08:19.705] [bmv2] [T] [thread 12061] [24.0] [cxt 0] Bytes parsed: 14
[15:08:19.706] [bmv2] [D] [thread 12061] [24.0] [cxt 0] Parser 'parser': end
[15:08:19.706] [bmv2] [D] [thread 12061] [24.0] [cxt 0] Pipeline 'ingress': start
[15:08:19.707] [bmv2] [T] [thread 12061] [24.0] [cxt 0] basic.p4(124) Condition "hdr.ipv4.isValid()" (node_2) is false
[15:08:19.707] [bmv2] [D] [thread 12061] [24.0] [cxt 0] Pipeline 'ingress': end
[15:08:19.708] [bmv2] [D] [thread 12061] [24.0] [cxt 0] Egress port is 0
[15:08:19.708] [bmv2] [D] [thread 12062] [24.0] [cxt 0] Pipeline 'egress': start
[15:08:19.709] [bmv2] [D] [thread 12062] [24.0] [cxt 0] Pipeline 'egress': end
[15:08:19.710] [bmv2] [D] [thread 12062] [24.0] [cxt 0] Deparser 'deparser': start
[15:08:19.710] [bmv2] [T] [thread 12062] [24.0] [cxt 0] Skipping checksum 'cksum' update because condition not met
[15:08:19.711] [bmv2] [D] [thread 12062] [24.0] [cxt 0] Deparsing header 'ethernet'
[15:08:19.711] [bmv2] [D] [thread 12062] [24.0] [cxt 0] Deparser 'deparser': end
[15:08:19.712] [bmv2] [D] [thread 12066] [24.0] [cxt 0] Transmitting packet of size 203 out of port 0
[15:08:19.751] [bmv2] [D] [thread 12061] [25.0] [cxt 0] Processing packet received on port 1
[15:08:19.751] [bmv2] [D] [thread 12061] [25.0] [cxt 0] Parser 'parser': start
[15:08:19.752] [bmv2] [D] [thread 12061] [25.0] [cxt 0] Parser 'parser' entering state 'start'
[15:08:19.752] [bmv2] [D] [thread 12061] [25.0] [cxt 0] Extracting header 'ethernet'
[15:08:19.752] [bmv2] [D] [thread 12061] [25.0] [cxt 0] Parser state 'start': key is 86dd
[15:08:19.753] [bmv2] [T] [thread 12061] [25.0] [cxt 0] Bytes parsed: 14
[15:08:19.753] [bmv2] [D] [thread 12061] [25.0] [cxt 0] Parser 'parser': end
[15:08:19.753] [bmv2] [D] [thread 12061] [25.0] [cxt 0] Pipeline 'ingress': start
[15:08:19.754] [bmv2] [T] [thread 12061] [25.0] [cxt 0] basic.p4(124) Condition "hdr.ipv4.isValid()" (node_2) is false
[15:08:19.754] [bmv2] [D] [thread 12061] [25.0] [cxt 0] Pipeline 'ingress': end
[15:08:19.755] [bmv2] [D] [thread 12061] [25.0] [cxt 0] Egress port is 0
[15:08:19.755] [bmv2] [D] [thread 12062] [25.0] [cxt 0] Pipeline 'egress': start
[15:08:19.755] [bmv2] [D] [thread 12062] [25.0] [cxt 0] Pipeline 'egress': end
[15:08:19.756] [bmv2] [D] [thread 12062] [25.0] [cxt 0] Deparser 'deparser': start
[15:08:19.756] [bmv2] [T] [thread 12062] [25.0] [cxt 0] Skipping checksum 'cksum' update because condition not met
[15:08:19.757] [bmv2] [D] [thread 12062] [25.0] [cxt 0] Deparsing header 'ethernet'
[15:08:19.757] [bmv2] [D] [thread 12062] [25.0] [cxt 0] Deparser 'deparser': end
[15:08:19.758] [bmv2] [D] [thread 12066] [25.0] [cxt 0] Transmitting packet of size 213 out of port 0
[15:08:19.811] [bmv2] [D] [thread 12061] [26.0] [cxt 0] Processing packet received on port 2
[15:08:19.812] [bmv2] [D] [thread 12061] [26.0] [cxt 0] Parser 'parser': start
[15:08:19.812] [bmv2] [D] [thread 12061] [26.0] [cxt 0] Parser 'parser' entering state 'start'
[15:08:19.813] [bmv2] [D] [thread 12061] [26.0] [cxt 0] Extracting header 'ethernet'
[15:08:19.813] [bmv2] [D] [thread 12061] [26.0] [cxt 0] Parser state 'start': key is 86dd
[15:08:19.813] [bmv2] [T] [thread 12061] [26.0] [cxt 0] Bytes parsed: 14
[15:08:19.814] [bmv2] [D] [thread 12061] [26.0] [cxt 0] Parser 'parser': end
[15:08:19.816] [bmv2] [D] [thread 12061] [26.0] [cxt 0] Pipeline 'ingress': start
[15:08:19.817] [bmv2] [T] [thread 12061] [26.0] [cxt 0] basic.p4(124) Condition "hdr.ipv4.isValid()" (node_2) is false
[15:08:19.817] [bmv2] [D] [thread 12061] [26.0] [cxt 0] Pipeline 'ingress': end
[15:08:19.818] [bmv2] [D] [thread 12061] [26.0] [cxt 0] Egress port is 0
[15:08:19.819] [bmv2] [D] [thread 12062] [26.0] [cxt 0] Pipeline 'egress': start
[15:08:19.819] [bmv2] [D] [thread 12062] [26.0] [cxt 0] Pipeline 'egress': end
[15:08:19.821] [bmv2] [D] [thread 12062] [26.0] [cxt 0] Deparser 'deparser': start
[15:08:19.821] [bmv2] [T] [thread 12062] [26.0] [cxt 0] Skipping checksum 'cksum' update because condition not met
[15:08:19.822] [bmv2] [D] [thread 12062] [26.0] [cxt 0] Deparsing header 'ethernet'
[15:08:19.823] [bmv2] [D] [thread 12062] [26.0] [cxt 0] Deparser 'deparser': end
[15:08:19.823] [bmv2] [D] [thread 12066] [26.0] [cxt 0] Transmitting packet of size 203 out of port 0
[15:08:20.068] [bmv2] [D] [thread 12061] [27.0] [cxt 0] Processing packet received on port 2
[15:08:20.068] [bmv2] [D] [thread 12061] [27.0] [cxt 0] Parser 'parser': start
[15:08:20.068] [bmv2] [D] [thread 12061] [27.0] [cxt 0] Parser 'parser' entering state 'start'
[15:08:20.069] [bmv2] [D] [thread 12061] [27.0] [cxt 0] Extracting header 'ethernet'
[15:08:20.069] [bmv2] [D] [thread 12061] [27.0] [cxt 0] Parser state 'start': key is 86dd
[15:08:20.070] [bmv2] [T] [thread 12061] [27.0] [cxt 0] Bytes parsed: 14
[15:08:20.070] [bmv2] [D] [thread 12061] [27.0] [cxt 0] Parser 'parser': end
[15:08:20.070] [bmv2] [D] [thread 12061] [27.0] [cxt 0] Pipeline 'ingress': start
[15:08:20.070] [bmv2] [T] [thread 12061] [27.0] [cxt 0] basic.p4(124) Condition "hdr.ipv4.isValid()" (node_2) is false
[15:08:20.070] [bmv2] [D] [thread 12061] [27.0] [cxt 0] Pipeline 'ingress': end
[15:08:20.071] [bmv2] [D] [thread 12061] [27.0] [cxt 0] Egress port is 0
[15:08:20.071] [bmv2] [D] [thread 12062] [27.0] [cxt 0] Pipeline 'egress': start
[15:08:20.071] [bmv2] [D] [thread 12062] [27.0] [cxt 0] Pipeline 'egress': end
[15:08:20.071] [bmv2] [D] [thread 12062] [27.0] [cxt 0] Deparser 'deparser': start
[15:08:20.071] [bmv2] [T] [thread 12062] [27.0] [cxt 0] Skipping checksum 'cksum' update because condition not met
[15:08:20.071] [bmv2] [D] [thread 12062] [27.0] [cxt 0] Deparsing header 'ethernet'
[15:08:20.071] [bmv2] [D] [thread 12062] [27.0] [cxt 0] Deparser 'deparser': end
[15:08:20.072] [bmv2] [D] [thread 12066] [27.0] [cxt 0] Transmitting packet of size 213 out of port 0
[15:08:20.278] [bmv2] [D] [thread 12061] [28.0] [cxt 0] Processing packet received on port 1
[15:08:20.278] [bmv2] [D] [thread 12061] [28.0] [cxt 0] Parser 'parser': start
[15:08:20.279] [bmv2] [D] [thread 12061] [28.0] [cxt 0] Parser 'parser' entering state 'start'
[15:08:20.279] [bmv2] [D] [thread 12061] [28.0] [cxt 0] Extracting header 'ethernet'
[15:08:20.279] [bmv2] [D] [thread 12061] [28.0] [cxt 0] Parser state 'start': key is 86dd
[15:08:20.279] [bmv2] [T] [thread 12061] [28.0] [cxt 0] Bytes parsed: 14
[15:08:20.279] [bmv2] [D] [thread 12061] [28.0] [cxt 0] Parser 'parser': end
[15:08:20.280] [bmv2] [D] [thread 12061] [28.0] [cxt 0] Pipeline 'ingress': start
[15:08:20.280] [bmv2] [T] [thread 12061] [28.0] [cxt 0] basic.p4(124) Condition "hdr.ipv4.isValid()" (node_2) is false
[15:08:20.280] [bmv2] [D] [thread 12061] [28.0] [cxt 0] Pipeline 'ingress': end
[15:08:20.280] [bmv2] [D] [thread 12061] [28.0] [cxt 0] Egress port is 0
[15:08:20.280] [bmv2] [D] [thread 12062] [28.0] [cxt 0] Pipeline 'egress': start
[15:08:20.280] [bmv2] [D] [thread 12062] [28.0] [cxt 0] Pipeline 'egress': end
[15:08:20.281] [bmv2] [D] [thread 12062] [28.0] [cxt 0] Deparser 'deparser': start
[15:08:20.281] [bmv2] [T] [thread 12062] [28.0] [cxt 0] Skipping checksum 'cksum' update because condition not met
[15:08:20.281] [bmv2] [D] [thread 12062] [28.0] [cxt 0] Deparsing header 'ethernet'
[15:08:20.281] [bmv2] [D] [thread 12062] [28.0] [cxt 0] Deparser 'deparser': end
[15:08:20.281] [bmv2] [D] [thread 12066] [28.0] [cxt 0] Transmitting packet of size 70 out of port 0
[15:08:20.280] [bmv2] [D] [thread 12061] [29.0] [cxt 0] Processing packet received on port 2
[15:08:20.281] [bmv2] [D] [thread 12061] [29.0] [cxt 0] Parser 'parser': start
[15:08:20.281] [bmv2] [D] [thread 12061] [29.0] [cxt 0] Parser 'parser' entering state 'start'
[15:08:20.282] [bmv2] [D] [thread 12061] [29.0] [cxt 0] Extracting header 'ethernet'
[15:08:20.282] [bmv2] [D] [thread 12061] [29.0] [cxt 0] Parser state 'start': key is 86dd
[15:08:20.282] [bmv2] [T] [thread 12061] [29.0] [cxt 0] Bytes parsed: 14
[15:08:20.282] [bmv2] [D] [thread 12061] [29.0] [cxt 0] Parser 'parser': end
[15:08:20.282] [bmv2] [D] [thread 12061] [29.0] [cxt 0] Pipeline 'ingress': start
[15:08:20.282] [bmv2] [T] [thread 12061] [29.0] [cxt 0] basic.p4(124) Condition "hdr.ipv4.isValid()" (node_2) is false
[15:08:20.282] [bmv2] [D] [thread 12061] [29.0] [cxt 0] Pipeline 'ingress': end
[15:08:20.282] [bmv2] [D] [thread 12061] [29.0] [cxt 0] Egress port is 0
[15:08:20.282] [bmv2] [D] [thread 12062] [29.0] [cxt 0] Pipeline 'egress': start
[15:08:20.282] [bmv2] [D] [thread 12062] [29.0] [cxt 0] Pipeline 'egress': end
[15:08:20.283] [bmv2] [D] [thread 12062] [29.0] [cxt 0] Deparser 'deparser': start
[15:08:20.283] [bmv2] [T] [thread 12062] [29.0] [cxt 0] Skipping checksum 'cksum' update because condition not met
[15:08:20.283] [bmv2] [D] [thread 12062] [29.0] [cxt 0] Deparsing header 'ethernet'
[15:08:20.283] [bmv2] [D] [thread 12062] [29.0] [cxt 0] Deparser 'deparser': end
[15:08:20.283] [bmv2] [D] [thread 12066] [29.0] [cxt 0] Transmitting packet of size 70 out of port 0
[15:08:20.456] [bmv2] [D] [thread 12061] [30.0] [cxt 0] Processing packet received on port 1
[15:08:20.457] [bmv2] [D] [thread 12061] [30.0] [cxt 0] Parser 'parser': start
[15:08:20.457] [bmv2] [D] [thread 12061] [30.0] [cxt 0] Parser 'parser' entering state 'start'
[15:08:20.458] [bmv2] [D] [thread 12061] [30.0] [cxt 0] Extracting header 'ethernet'
[15:08:20.459] [bmv2] [D] [thread 12061] [30.0] [cxt 0] Parser state 'start': key is 86dd
[15:08:20.459] [bmv2] [T] [thread 12061] [30.0] [cxt 0] Bytes parsed: 14
[15:08:20.459] [bmv2] [D] [thread 12061] [30.0] [cxt 0] Parser 'parser': end
[15:08:20.460] [bmv2] [D] [thread 12061] [30.0] [cxt 0] Pipeline 'ingress': start
[15:08:20.460] [bmv2] [T] [thread 12061] [30.0] [cxt 0] basic.p4(124) Condition "hdr.ipv4.isValid()" (node_2) is false
[15:08:20.461] [bmv2] [D] [thread 12061] [30.0] [cxt 0] Pipeline 'ingress': end
[15:08:20.461] [bmv2] [D] [thread 12061] [30.0] [cxt 0] Egress port is 0
[15:08:20.462] [bmv2] [D] [thread 12062] [30.0] [cxt 0] Pipeline 'egress': start
[15:08:20.462] [bmv2] [D] [thread 12062] [30.0] [cxt 0] Pipeline 'egress': end
[15:08:20.463] [bmv2] [D] [thread 12062] [30.0] [cxt 0] Deparser 'deparser': start
[15:08:20.463] [bmv2] [T] [thread 12062] [30.0] [cxt 0] Skipping checksum 'cksum' update because condition not met
[15:08:20.464] [bmv2] [D] [thread 12062] [30.0] [cxt 0] Deparsing header 'ethernet'
[15:08:20.464] [bmv2] [D] [thread 12062] [30.0] [cxt 0] Deparser 'deparser': end
[15:08:20.465] [bmv2] [D] [thread 12066] [30.0] [cxt 0] Transmitting packet of size 213 out of port 0
[15:08:20.538] [bmv2] [D] [thread 12061] [31.0] [cxt 0] Processing packet received on port 1
[15:08:20.542] [bmv2] [D] [thread 12061] [31.0] [cxt 0] Parser 'parser': start
[15:08:20.542] [bmv2] [D] [thread 12061] [31.0] [cxt 0] Parser 'parser' entering state 'start'
[15:08:20.543] [bmv2] [D] [thread 12061] [31.0] [cxt 0] Extracting header 'ethernet'
[15:08:20.543] [bmv2] [D] [thread 12061] [31.0] [cxt 0] Parser state 'start': key is 86dd
[15:08:20.545] [bmv2] [T] [thread 12061] [31.0] [cxt 0] Bytes parsed: 14
[15:08:20.546] [bmv2] [D] [thread 12061] [31.0] [cxt 0] Parser 'parser': end
[15:08:20.547] [bmv2] [D] [thread 12061] [31.0] [cxt 0] Pipeline 'ingress': start
[15:08:20.548] [bmv2] [T] [thread 12061] [31.0] [cxt 0] basic.p4(124) Condition "hdr.ipv4.isValid()" (node_2) is false
[15:08:20.548] [bmv2] [D] [thread 12061] [31.0] [cxt 0] Pipeline 'ingress': end
[15:08:20.549] [bmv2] [D] [thread 12061] [31.0] [cxt 0] Egress port is 0
[15:08:20.550] [bmv2] [D] [thread 12062] [31.0] [cxt 0] Pipeline 'egress': start
[15:08:20.550] [bmv2] [D] [thread 12062] [31.0] [cxt 0] Pipeline 'egress': end
[15:08:20.551] [bmv2] [D] [thread 12062] [31.0] [cxt 0] Deparser 'deparser': start
[15:08:20.551] [bmv2] [T] [thread 12062] [31.0] [cxt 0] Skipping checksum 'cksum' update because condition not met
[15:08:20.552] [bmv2] [D] [thread 12062] [31.0] [cxt 0] Deparsing header 'ethernet'
[15:08:20.552] [bmv2] [D] [thread 12062] [31.0] [cxt 0] Deparser 'deparser': end
[15:08:20.553] [bmv2] [D] [thread 12066] [31.0] [cxt 0] Transmitting packet of size 70 out of port 0
[15:08:20.560] [bmv2] [D] [thread 12061] [32.0] [cxt 0] Processing packet received on port 2
[15:08:20.561] [bmv2] [D] [thread 12061] [32.0] [cxt 0] Parser 'parser': start
[15:08:20.561] [bmv2] [D] [thread 12061] [32.0] [cxt 0] Parser 'parser' entering state 'start'
[15:08:20.562] [bmv2] [D] [thread 12061] [32.0] [cxt 0] Extracting header 'ethernet'
[15:08:20.562] [bmv2] [D] [thread 12061] [32.0] [cxt 0] Parser state 'start': key is 86dd
[15:08:20.562] [bmv2] [T] [thread 12061] [32.0] [cxt 0] Bytes parsed: 14
[15:08:20.562] [bmv2] [D] [thread 12061] [32.0] [cxt 0] Parser 'parser': end
[15:08:20.563] [bmv2] [D] [thread 12061] [32.0] [cxt 0] Pipeline 'ingress': start
[15:08:20.563] [bmv2] [T] [thread 12061] [32.0] [cxt 0] basic.p4(124) Condition "hdr.ipv4.isValid()" (node_2) is false
[15:08:20.563] [bmv2] [D] [thread 12061] [32.0] [cxt 0] Pipeline 'ingress': end
[15:08:20.564] [bmv2] [D] [thread 12061] [32.0] [cxt 0] Egress port is 0
[15:08:20.564] [bmv2] [D] [thread 12062] [32.0] [cxt 0] Pipeline 'egress': start
[15:08:20.565] [bmv2] [D] [thread 12062] [32.0] [cxt 0] Pipeline 'egress': end
[15:08:20.565] [bmv2] [D] [thread 12062] [32.0] [cxt 0] Deparser 'deparser': start
[15:08:20.565] [bmv2] [T] [thread 12062] [32.0] [cxt 0] Skipping checksum 'cksum' update because condition not met
[15:08:20.565] [bmv2] [D] [thread 12062] [32.0] [cxt 0] Deparsing header 'ethernet'
[15:08:20.566] [bmv2] [D] [thread 12062] [32.0] [cxt 0] Deparser 'deparser': end
[15:08:20.566] [bmv2] [D] [thread 12066] [32.0] [cxt 0] Transmitting packet of size 213 out of port 0
[15:08:20.796] [bmv2] [D] [thread 12061] [33.0] [cxt 0] Processing packet received on port 2
[15:08:20.796] [bmv2] [D] [thread 12061] [33.0] [cxt 0] Parser 'parser': start
[15:08:20.798] [bmv2] [D] [thread 12061] [33.0] [cxt 0] Parser 'parser' entering state 'start'
[15:08:20.798] [bmv2] [D] [thread 12061] [33.0] [cxt 0] Extracting header 'ethernet'
[15:08:20.800] [bmv2] [D] [thread 12061] [33.0] [cxt 0] Parser state 'start': key is 86dd
[15:08:20.800] [bmv2] [T] [thread 12061] [33.0] [cxt 0] Bytes parsed: 14
[15:08:20.801] [bmv2] [D] [thread 12061] [33.0] [cxt 0] Parser 'parser': end
[15:08:20.802] [bmv2] [D] [thread 12061] [33.0] [cxt 0] Pipeline 'ingress': start
[15:08:20.803] [bmv2] [T] [thread 12061] [33.0] [cxt 0] basic.p4(124) Condition "hdr.ipv4.isValid()" (node_2) is false
[15:08:20.804] [bmv2] [D] [thread 12061] [33.0] [cxt 0] Pipeline 'ingress': end
[15:08:20.804] [bmv2] [D] [thread 12061] [33.0] [cxt 0] Egress port is 0
[15:08:20.810] [bmv2] [D] [thread 12062] [33.0] [cxt 0] Pipeline 'egress': start
[15:08:20.810] [bmv2] [D] [thread 12062] [33.0] [cxt 0] Pipeline 'egress': end
[15:08:20.812] [bmv2] [D] [thread 12062] [33.0] [cxt 0] Deparser 'deparser': start
[15:08:20.812] [bmv2] [T] [thread 12062] [33.0] [cxt 0] Skipping checksum 'cksum' update because condition not met
[15:08:20.813] [bmv2] [D] [thread 12062] [33.0] [cxt 0] Deparsing header 'ethernet'
[15:08:20.813] [bmv2] [D] [thread 12062] [33.0] [cxt 0] Deparser 'deparser': end
[15:08:20.814] [bmv2] [D] [thread 12066] [33.0] [cxt 0] Transmitting packet of size 70 out of port 0
[15:08:22.999] [bmv2] [D] [thread 12061] [34.0] [cxt 0] Processing packet received on port 1
[15:08:23.000] [bmv2] [D] [thread 12061] [34.0] [cxt 0] Parser 'parser': start
[15:08:23.000] [bmv2] [D] [thread 12061] [34.0] [cxt 0] Parser 'parser' entering state 'start'
[15:08:23.000] [bmv2] [D] [thread 12061] [34.0] [cxt 0] Extracting header 'ethernet'
[15:08:23.001] [bmv2] [D] [thread 12061] [34.0] [cxt 0] Parser state 'start': key is 86dd
[15:08:23.001] [bmv2] [T] [thread 12061] [34.0] [cxt 0] Bytes parsed: 14
[15:08:23.002] [bmv2] [D] [thread 12061] [34.0] [cxt 0] Parser 'parser': end
[15:08:23.002] [bmv2] [D] [thread 12061] [34.0] [cxt 0] Pipeline 'ingress': start
[15:08:23.002] [bmv2] [T] [thread 12061] [34.0] [cxt 0] basic.p4(124) Condition "hdr.ipv4.isValid()" (node_2) is false
[15:08:23.003] [bmv2] [D] [thread 12061] [34.0] [cxt 0] Pipeline 'ingress': end
[15:08:23.003] [bmv2] [D] [thread 12061] [34.0] [cxt 0] Egress port is 0
[15:08:23.003] [bmv2] [D] [thread 12062] [34.0] [cxt 0] Pipeline 'egress': start
[15:08:23.004] [bmv2] [D] [thread 12062] [34.0] [cxt 0] Pipeline 'egress': end
[15:08:23.004] [bmv2] [D] [thread 12062] [34.0] [cxt 0] Deparser 'deparser': start
[15:08:23.004] [bmv2] [T] [thread 12062] [34.0] [cxt 0] Skipping checksum 'cksum' update because condition not met
[15:08:23.005] [bmv2] [D] [thread 12062] [34.0] [cxt 0] Deparsing header 'ethernet'
[15:08:23.005] [bmv2] [D] [thread 12062] [34.0] [cxt 0] Deparser 'deparser': end
[15:08:23.005] [bmv2] [D] [thread 12066] [34.0] [cxt 0] Transmitting packet of size 203 out of port 0
[15:08:23.327] [bmv2] [D] [thread 12061] [35.0] [cxt 0] Processing packet received on port 2
[15:08:23.328] [bmv2] [D] [thread 12061] [35.0] [cxt 0] Parser 'parser': start
[15:08:23.329] [bmv2] [D] [thread 12061] [35.0] [cxt 0] Parser 'parser' entering state 'start'
[15:08:23.329] [bmv2] [D] [thread 12061] [35.0] [cxt 0] Extracting header 'ethernet'
[15:08:23.329] [bmv2] [D] [thread 12061] [35.0] [cxt 0] Parser state 'start': key is 86dd
[15:08:23.330] [bmv2] [T] [thread 12061] [35.0] [cxt 0] Bytes parsed: 14
[15:08:23.330] [bmv2] [D] [thread 12061] [35.0] [cxt 0] Parser 'parser': end
[15:08:23.331] [bmv2] [D] [thread 12061] [35.0] [cxt 0] Pipeline 'ingress': start
[15:08:23.331] [bmv2] [T] [thread 12061] [35.0] [cxt 0] basic.p4(124) Condition "hdr.ipv4.isValid()" (node_2) is false
[15:08:23.332] [bmv2] [D] [thread 12061] [35.0] [cxt 0] Pipeline 'ingress': end
[15:08:23.332] [bmv2] [D] [thread 12061] [35.0] [cxt 0] Egress port is 0
[15:08:23.333] [bmv2] [D] [thread 12062] [35.0] [cxt 0] Pipeline 'egress': start
[15:08:23.333] [bmv2] [D] [thread 12062] [35.0] [cxt 0] Pipeline 'egress': end
[15:08:23.334] [bmv2] [D] [thread 12062] [35.0] [cxt 0] Deparser 'deparser': start
[15:08:23.334] [bmv2] [T] [thread 12062] [35.0] [cxt 0] Skipping checksum 'cksum' update because condition not met
[15:08:23.335] [bmv2] [D] [thread 12062] [35.0] [cxt 0] Deparsing header 'ethernet'
[15:08:23.335] [bmv2] [D] [thread 12062] [35.0] [cxt 0] Deparser 'deparser': end
[15:08:23.336] [bmv2] [D] [thread 12066] [35.0] [cxt 0] Transmitting packet of size 203 out of port 0
[15:08:23.703] [bmv2] [D] [thread 12061] [36.0] [cxt 0] Processing packet received on port 1
[15:08:23.704] [bmv2] [D] [thread 12061] [36.0] [cxt 0] Parser 'parser': start
[15:08:23.704] [bmv2] [D] [thread 12061] [36.0] [cxt 0] Parser 'parser' entering state 'start'
[15:08:23.705] [bmv2] [D] [thread 12061] [36.0] [cxt 0] Extracting header 'ethernet'
[15:08:23.705] [bmv2] [D] [thread 12061] [36.0] [cxt 0] Parser state 'start': key is 86dd
[15:08:23.706] [bmv2] [T] [thread 12061] [36.0] [cxt 0] Bytes parsed: 14
[15:08:23.707] [bmv2] [D] [thread 12061] [36.0] [cxt 0] Parser 'parser': end
[15:08:23.707] [bmv2] [D] [thread 12061] [36.0] [cxt 0] Pipeline 'ingress': start
[15:08:23.708] [bmv2] [T] [thread 12061] [36.0] [cxt 0] basic.p4(124) Condition "hdr.ipv4.isValid()" (node_2) is false
[15:08:23.709] [bmv2] [D] [thread 12061] [36.0] [cxt 0] Pipeline 'ingress': end
[15:08:23.709] [bmv2] [D] [thread 12061] [36.0] [cxt 0] Egress port is 0
[15:08:23.710] [bmv2] [D] [thread 12062] [36.0] [cxt 0] Pipeline 'egress': start
[15:08:23.711] [bmv2] [D] [thread 12062] [36.0] [cxt 0] Pipeline 'egress': end
[15:08:23.711] [bmv2] [D] [thread 12062] [36.0] [cxt 0] Deparser 'deparser': start
[15:08:23.712] [bmv2] [T] [thread 12062] [36.0] [cxt 0] Skipping checksum 'cksum' update because condition not met
[15:08:23.713] [bmv2] [D] [thread 12062] [36.0] [cxt 0] Deparsing header 'ethernet'
[15:08:23.713] [bmv2] [D] [thread 12062] [36.0] [cxt 0] Deparser 'deparser': end
[15:08:23.713] [bmv2] [D] [thread 12066] [36.0] [cxt 0] Transmitting packet of size 203 out of port 0
[15:08:23.814] [bmv2] [D] [thread 12061] [37.0] [cxt 0] Processing packet received on port 2
[15:08:23.815] [bmv2] [D] [thread 12061] [37.0] [cxt 0] Parser 'parser': start
[15:08:23.816] [bmv2] [D] [thread 12061] [37.0] [cxt 0] Parser 'parser' entering state 'start'
[15:08:23.816] [bmv2] [D] [thread 12061] [37.0] [cxt 0] Extracting header 'ethernet'
[15:08:23.818] [bmv2] [D] [thread 12061] [37.0] [cxt 0] Parser state 'start': key is 86dd
[15:08:23.818] [bmv2] [T] [thread 12061] [37.0] [cxt 0] Bytes parsed: 14
[15:08:23.819] [bmv2] [D] [thread 12061] [37.0] [cxt 0] Parser 'parser': end
[15:08:23.820] [bmv2] [D] [thread 12061] [37.0] [cxt 0] Pipeline 'ingress': start
[15:08:23.820] [bmv2] [T] [thread 12061] [37.0] [cxt 0] basic.p4(124) Condition "hdr.ipv4.isValid()" (node_2) is false
[15:08:23.821] [bmv2] [D] [thread 12061] [37.0] [cxt 0] Pipeline 'ingress': end
[15:08:23.821] [bmv2] [D] [thread 12061] [37.0] [cxt 0] Egress port is 0
[15:08:23.822] [bmv2] [D] [thread 12062] [37.0] [cxt 0] Pipeline 'egress': start
[15:08:23.823] [bmv2] [D] [thread 12062] [37.0] [cxt 0] Pipeline 'egress': end
[15:08:23.823] [bmv2] [D] [thread 12062] [37.0] [cxt 0] Deparser 'deparser': start
[15:08:23.824] [bmv2] [T] [thread 12062] [37.0] [cxt 0] Skipping checksum 'cksum' update because condition not met
[15:08:23.824] [bmv2] [D] [thread 12062] [37.0] [cxt 0] Deparsing header 'ethernet'
[15:08:23.825] [bmv2] [D] [thread 12062] [37.0] [cxt 0] Deparser 'deparser': end
[15:08:23.825] [bmv2] [D] [thread 12066] [37.0] [cxt 0] Transmitting packet of size 203 out of port 0
[15:08:26.301] [bmv2] [D] [thread 12061] [38.0] [cxt 0] Processing packet received on port 2
[15:08:26.301] [bmv2] [D] [thread 12061] [38.0] [cxt 0] Parser 'parser': start
[15:08:26.301] [bmv2] [D] [thread 12061] [38.0] [cxt 0] Parser 'parser' entering state 'start'
[15:08:26.301] [bmv2] [D] [thread 12061] [38.0] [cxt 0] Extracting header 'ethernet'
[15:08:26.301] [bmv2] [D] [thread 12061] [38.0] [cxt 0] Parser state 'start': key is 0800
[15:08:26.301] [bmv2] [T] [thread 12061] [38.0] [cxt 0] Bytes parsed: 14
[15:08:26.301] [bmv2] [D] [thread 12061] [38.0] [cxt 0] Parser 'parser' entering state 'parse_ipv4'
[15:08:26.301] [bmv2] [D] [thread 12061] [38.0] [cxt 0] Extracting header 'ipv4'
[15:08:26.301] [bmv2] [D] [thread 12061] [38.0] [cxt 0] Parser state 'parse_ipv4' has no switch, going to default next state
[15:08:26.302] [bmv2] [T] [thread 12061] [38.0] [cxt 0] Bytes parsed: 34
[15:08:26.302] [bmv2] [D] [thread 12061] [38.0] [cxt 0] Parser 'parser': end
[15:08:26.302] [bmv2] [D] [thread 12061] [38.0] [cxt 0] Pipeline 'ingress': start
[15:08:26.302] [bmv2] [T] [thread 12061] [38.0] [cxt 0] basic.p4(124) Condition "hdr.ipv4.isValid()" (node_2) is true
[15:08:26.302] [bmv2] [T] [thread 12061] [38.0] [cxt 0] Applying table 'MyIngress.ipv4_lpm'
[15:08:26.302] [bmv2] [D] [thread 12061] [38.0] [cxt 0] Looking up key:
* hdr.ipv4.dstAddr    : 0a000404

[15:08:26.302] [bmv2] [D] [thread 12061] [38.0] [cxt 0] Table 'MyIngress.ipv4_lpm': hit with handle 3
[15:08:26.302] [bmv2] [D] [thread 12061] [38.0] [cxt 0] Dumping entry 3
Match key:
* hdr.ipv4.dstAddr    : LPM       0a000404/32
Action entry: MyIngress.ipv4_forward - 80000000200,1,

[15:08:26.302] [bmv2] [D] [thread 12061] [38.0] [cxt 0] Action entry is MyIngress.ipv4_forward - 80000000200,1,
[15:08:26.302] [bmv2] [T] [thread 12061] [38.0] [cxt 0] Action MyIngress.ipv4_forward
[15:08:26.302] [bmv2] [T] [thread 12061] [38.0] [cxt 0] basic.p4(98) Primitive standard_metadata.egress_spec = port
[15:08:26.302] [bmv2] [T] [thread 12061] [38.0] [cxt 0] basic.p4(100) Primitive hdr.ethernet.dstAddr = dstAddr
[15:08:26.302] [bmv2] [T] [thread 12061] [38.0] [cxt 0] basic.p4(100) Primitive dstAddr; ...
[15:08:26.302] [bmv2] [T] [thread 12061] [38.0] [cxt 0] basic.p4(104) Primitive hdr.ipv4.ttl = hdr.ipv4.ttl - 1
[15:08:26.302] [bmv2] [D] [thread 12061] [38.0] [cxt 0] Pipeline 'ingress': end
[15:08:26.302] [bmv2] [D] [thread 12061] [38.0] [cxt 0] Egress port is 1
[15:08:26.303] [bmv2] [D] [thread 12063] [38.0] [cxt 0] Pipeline 'egress': start
[15:08:26.303] [bmv2] [D] [thread 12063] [38.0] [cxt 0] Pipeline 'egress': end
[15:08:26.303] [bmv2] [D] [thread 12063] [38.0] [cxt 0] Deparser 'deparser': start
[15:08:26.303] [bmv2] [D] [thread 12063] [38.0] [cxt 0] Updating checksum 'cksum'
[15:08:26.303] [bmv2] [D] [thread 12063] [38.0] [cxt 0] Deparsing header 'ethernet'
[15:08:26.303] [bmv2] [D] [thread 12063] [38.0] [cxt 0] Deparsing header 'ipv4'
[15:08:26.303] [bmv2] [D] [thread 12063] [38.0] [cxt 0] Deparser 'deparser': end
[15:08:26.303] [bmv2] [D] [thread 12066] [38.0] [cxt 0] Transmitting packet of size 98 out of port 1
[15:08:26.370] [bmv2] [D] [thread 12061] [39.0] [cxt 0] Processing packet received on port 1
[15:08:26.370] [bmv2] [D] [thread 12061] [39.0] [cxt 0] Parser 'parser': start
[15:08:26.370] [bmv2] [D] [thread 12061] [39.0] [cxt 0] Parser 'parser' entering state 'start'
[15:08:26.370] [bmv2] [D] [thread 12061] [39.0] [cxt 0] Extracting header 'ethernet'
[15:08:26.370] [bmv2] [D] [thread 12061] [39.0] [cxt 0] Parser state 'start': key is 0800
[15:08:26.371] [bmv2] [T] [thread 12061] [39.0] [cxt 0] Bytes parsed: 14
[15:08:26.371] [bmv2] [D] [thread 12061] [39.0] [cxt 0] Parser 'parser' entering state 'parse_ipv4'
[15:08:26.371] [bmv2] [D] [thread 12061] [39.0] [cxt 0] Extracting header 'ipv4'
[15:08:26.371] [bmv2] [D] [thread 12061] [39.0] [cxt 0] Parser state 'parse_ipv4' has no switch, going to default next state
[15:08:26.371] [bmv2] [T] [thread 12061] [39.0] [cxt 0] Bytes parsed: 34
[15:08:26.371] [bmv2] [D] [thread 12061] [39.0] [cxt 0] Parser 'parser': end
[15:08:26.371] [bmv2] [D] [thread 12061] [39.0] [cxt 0] Pipeline 'ingress': start
[15:08:26.371] [bmv2] [T] [thread 12061] [39.0] [cxt 0] basic.p4(124) Condition "hdr.ipv4.isValid()" (node_2) is true
[15:08:26.371] [bmv2] [T] [thread 12061] [39.0] [cxt 0] Applying table 'MyIngress.ipv4_lpm'
[15:08:26.371] [bmv2] [D] [thread 12061] [39.0] [cxt 0] Looking up key:
* hdr.ipv4.dstAddr    : 0a000202

[15:08:26.371] [bmv2] [D] [thread 12061] [39.0] [cxt 0] Table 'MyIngress.ipv4_lpm': hit with handle 1
[15:08:26.371] [bmv2] [D] [thread 12061] [39.0] [cxt 0] Dumping entry 1
Match key:
* hdr.ipv4.dstAddr    : LPM       0a000202/32
Action entry: MyIngress.ipv4_forward - 80000000100,2,

[15:08:26.371] [bmv2] [D] [thread 12061] [39.0] [cxt 0] Action entry is MyIngress.ipv4_forward - 80000000100,2,
[15:08:26.371] [bmv2] [T] [thread 12061] [39.0] [cxt 0] Action MyIngress.ipv4_forward
[15:08:26.371] [bmv2] [T] [thread 12061] [39.0] [cxt 0] basic.p4(98) Primitive standard_metadata.egress_spec = port
[15:08:26.371] [bmv2] [T] [thread 12061] [39.0] [cxt 0] basic.p4(100) Primitive hdr.ethernet.dstAddr = dstAddr
[15:08:26.372] [bmv2] [T] [thread 12061] [39.0] [cxt 0] basic.p4(100) Primitive dstAddr; ...
[15:08:26.372] [bmv2] [T] [thread 12061] [39.0] [cxt 0] basic.p4(104) Primitive hdr.ipv4.ttl = hdr.ipv4.ttl - 1
[15:08:26.372] [bmv2] [D] [thread 12061] [39.0] [cxt 0] Pipeline 'ingress': end
[15:08:26.372] [bmv2] [D] [thread 12061] [39.0] [cxt 0] Egress port is 2
[15:08:26.372] [bmv2] [D] [thread 12064] [39.0] [cxt 0] Pipeline 'egress': start
[15:08:26.372] [bmv2] [D] [thread 12064] [39.0] [cxt 0] Pipeline 'egress': end
[15:08:26.372] [bmv2] [D] [thread 12064] [39.0] [cxt 0] Deparser 'deparser': start
[15:08:26.372] [bmv2] [D] [thread 12064] [39.0] [cxt 0] Updating checksum 'cksum'
[15:08:26.372] [bmv2] [D] [thread 12064] [39.0] [cxt 0] Deparsing header 'ethernet'
[15:08:26.372] [bmv2] [D] [thread 12064] [39.0] [cxt 0] Deparsing header 'ipv4'
[15:08:26.372] [bmv2] [D] [thread 12064] [39.0] [cxt 0] Deparser 'deparser': end
[15:08:26.372] [bmv2] [D] [thread 12066] [39.0] [cxt 0] Transmitting packet of size 98 out of port 2
[15:08:26.381] [bmv2] [D] [thread 12061] [40.0] [cxt 0] Processing packet received on port 2
[15:08:26.381] [bmv2] [D] [thread 12061] [40.0] [cxt 0] Parser 'parser': start
[15:08:26.381] [bmv2] [D] [thread 12061] [40.0] [cxt 0] Parser 'parser' entering state 'start'
[15:08:26.381] [bmv2] [D] [thread 12061] [40.0] [cxt 0] Extracting header 'ethernet'
[15:08:26.381] [bmv2] [D] [thread 12061] [40.0] [cxt 0] Parser state 'start': key is 0800
[15:08:26.381] [bmv2] [T] [thread 12061] [40.0] [cxt 0] Bytes parsed: 14
[15:08:26.381] [bmv2] [D] [thread 12061] [40.0] [cxt 0] Parser 'parser' entering state 'parse_ipv4'
[15:08:26.381] [bmv2] [D] [thread 12061] [40.0] [cxt 0] Extracting header 'ipv4'
[15:08:26.381] [bmv2] [D] [thread 12061] [40.0] [cxt 0] Parser state 'parse_ipv4' has no switch, going to default next state
[15:08:26.381] [bmv2] [T] [thread 12061] [40.0] [cxt 0] Bytes parsed: 34
[15:08:26.381] [bmv2] [D] [thread 12061] [40.0] [cxt 0] Parser 'parser': end
[15:08:26.381] [bmv2] [D] [thread 12061] [40.0] [cxt 0] Pipeline 'ingress': start
[15:08:26.381] [bmv2] [T] [thread 12061] [40.0] [cxt 0] basic.p4(124) Condition "hdr.ipv4.isValid()" (node_2) is true
[15:08:26.381] [bmv2] [T] [thread 12061] [40.0] [cxt 0] Applying table 'MyIngress.ipv4_lpm'
[15:08:26.382] [bmv2] [D] [thread 12061] [40.0] [cxt 0] Looking up key:
* hdr.ipv4.dstAddr    : 0a000404

[15:08:26.382] [bmv2] [D] [thread 12061] [40.0] [cxt 0] Table 'MyIngress.ipv4_lpm': hit with handle 3
[15:08:26.382] [bmv2] [D] [thread 12061] [40.0] [cxt 0] Dumping entry 3
Match key:
* hdr.ipv4.dstAddr    : LPM       0a000404/32
Action entry: MyIngress.ipv4_forward - 80000000200,1,

[15:08:26.382] [bmv2] [D] [thread 12061] [40.0] [cxt 0] Action entry is MyIngress.ipv4_forward - 80000000200,1,
[15:08:26.382] [bmv2] [T] [thread 12061] [40.0] [cxt 0] Action MyIngress.ipv4_forward
[15:08:26.382] [bmv2] [T] [thread 12061] [40.0] [cxt 0] basic.p4(98) Primitive standard_metadata.egress_spec = port
[15:08:26.382] [bmv2] [T] [thread 12061] [40.0] [cxt 0] basic.p4(100) Primitive hdr.ethernet.dstAddr = dstAddr
[15:08:26.382] [bmv2] [T] [thread 12061] [40.0] [cxt 0] basic.p4(100) Primitive dstAddr; ...
[15:08:26.382] [bmv2] [T] [thread 12061] [40.0] [cxt 0] basic.p4(104) Primitive hdr.ipv4.ttl = hdr.ipv4.ttl - 1
[15:08:26.382] [bmv2] [D] [thread 12061] [40.0] [cxt 0] Pipeline 'ingress': end
[15:08:26.382] [bmv2] [D] [thread 12061] [40.0] [cxt 0] Egress port is 1
[15:08:26.382] [bmv2] [D] [thread 12063] [40.0] [cxt 0] Pipeline 'egress': start
[15:08:26.382] [bmv2] [D] [thread 12063] [40.0] [cxt 0] Pipeline 'egress': end
[15:08:26.382] [bmv2] [D] [thread 12063] [40.0] [cxt 0] Deparser 'deparser': start
[15:08:26.382] [bmv2] [D] [thread 12063] [40.0] [cxt 0] Updating checksum 'cksum'
[15:08:26.382] [bmv2] [D] [thread 12063] [40.0] [cxt 0] Deparsing header 'ethernet'
[15:08:26.382] [bmv2] [D] [thread 12063] [40.0] [cxt 0] Deparsing header 'ipv4'
[15:08:26.383] [bmv2] [D] [thread 12063] [40.0] [cxt 0] Deparser 'deparser': end
[15:08:26.383] [bmv2] [D] [thread 12066] [40.0] [cxt 0] Transmitting packet of size 98 out of port 1
[15:08:26.392] [bmv2] [D] [thread 12061] [41.0] [cxt 0] Processing packet received on port 1
[15:08:26.392] [bmv2] [D] [thread 12061] [41.0] [cxt 0] Parser 'parser': start
[15:08:26.392] [bmv2] [D] [thread 12061] [41.0] [cxt 0] Parser 'parser' entering state 'start'
[15:08:26.392] [bmv2] [D] [thread 12061] [41.0] [cxt 0] Extracting header 'ethernet'
[15:08:26.392] [bmv2] [D] [thread 12061] [41.0] [cxt 0] Parser state 'start': key is 0800
[15:08:26.392] [bmv2] [T] [thread 12061] [41.0] [cxt 0] Bytes parsed: 14
[15:08:26.392] [bmv2] [D] [thread 12061] [41.0] [cxt 0] Parser 'parser' entering state 'parse_ipv4'
[15:08:26.393] [bmv2] [D] [thread 12061] [41.0] [cxt 0] Extracting header 'ipv4'
[15:08:26.393] [bmv2] [D] [thread 12061] [41.0] [cxt 0] Parser state 'parse_ipv4' has no switch, going to default next state
[15:08:26.393] [bmv2] [T] [thread 12061] [41.0] [cxt 0] Bytes parsed: 34
[15:08:26.393] [bmv2] [D] [thread 12061] [41.0] [cxt 0] Parser 'parser': end
[15:08:26.393] [bmv2] [D] [thread 12061] [41.0] [cxt 0] Pipeline 'ingress': start
[15:08:26.393] [bmv2] [T] [thread 12061] [41.0] [cxt 0] basic.p4(124) Condition "hdr.ipv4.isValid()" (node_2) is true
[15:08:26.393] [bmv2] [T] [thread 12061] [41.0] [cxt 0] Applying table 'MyIngress.ipv4_lpm'
[15:08:26.393] [bmv2] [D] [thread 12061] [41.0] [cxt 0] Looking up key:
* hdr.ipv4.dstAddr    : 0a000202

[15:08:26.393] [bmv2] [D] [thread 12061] [41.0] [cxt 0] Table 'MyIngress.ipv4_lpm': hit with handle 1
[15:08:26.393] [bmv2] [D] [thread 12061] [41.0] [cxt 0] Dumping entry 1
Match key:
* hdr.ipv4.dstAddr    : LPM       0a000202/32
Action entry: MyIngress.ipv4_forward - 80000000100,2,

[15:08:26.393] [bmv2] [D] [thread 12061] [41.0] [cxt 0] Action entry is MyIngress.ipv4_forward - 80000000100,2,
[15:08:26.393] [bmv2] [T] [thread 12061] [41.0] [cxt 0] Action MyIngress.ipv4_forward
[15:08:26.393] [bmv2] [T] [thread 12061] [41.0] [cxt 0] basic.p4(98) Primitive standard_metadata.egress_spec = port
[15:08:26.393] [bmv2] [T] [thread 12061] [41.0] [cxt 0] basic.p4(100) Primitive hdr.ethernet.dstAddr = dstAddr
[15:08:26.394] [bmv2] [T] [thread 12061] [41.0] [cxt 0] basic.p4(100) Primitive dstAddr; ...
[15:08:26.394] [bmv2] [T] [thread 12061] [41.0] [cxt 0] basic.p4(104) Primitive hdr.ipv4.ttl = hdr.ipv4.ttl - 1
[15:08:26.394] [bmv2] [D] [thread 12061] [41.0] [cxt 0] Pipeline 'ingress': end
[15:08:26.394] [bmv2] [D] [thread 12061] [41.0] [cxt 0] Egress port is 2
[15:08:26.394] [bmv2] [D] [thread 12064] [41.0] [cxt 0] Pipeline 'egress': start
[15:08:26.394] [bmv2] [D] [thread 12064] [41.0] [cxt 0] Pipeline 'egress': end
[15:08:26.394] [bmv2] [D] [thread 12064] [41.0] [cxt 0] Deparser 'deparser': start
[15:08:26.394] [bmv2] [D] [thread 12064] [41.0] [cxt 0] Updating checksum 'cksum'
[15:08:26.394] [bmv2] [D] [thread 12064] [41.0] [cxt 0] Deparsing header 'ethernet'
[15:08:26.394] [bmv2] [D] [thread 12064] [41.0] [cxt 0] Deparsing header 'ipv4'
[15:08:26.394] [bmv2] [D] [thread 12064] [41.0] [cxt 0] Deparser 'deparser': end
[15:08:26.394] [bmv2] [D] [thread 12066] [41.0] [cxt 0] Transmitting packet of size 98 out of port 2
[15:08:26.453] [bmv2] [D] [thread 12061] [42.0] [cxt 0] Processing packet received on port 1
[15:08:26.453] [bmv2] [D] [thread 12061] [42.0] [cxt 0] Parser 'parser': start
[15:08:26.453] [bmv2] [D] [thread 12061] [42.0] [cxt 0] Parser 'parser' entering state 'start'
[15:08:26.453] [bmv2] [D] [thread 12061] [42.0] [cxt 0] Extracting header 'ethernet'
[15:08:26.453] [bmv2] [D] [thread 12061] [42.0] [cxt 0] Parser state 'start': key is 0800
[15:08:26.453] [bmv2] [T] [thread 12061] [42.0] [cxt 0] Bytes parsed: 14
[15:08:26.453] [bmv2] [D] [thread 12061] [42.0] [cxt 0] Parser 'parser' entering state 'parse_ipv4'
[15:08:26.453] [bmv2] [D] [thread 12061] [42.0] [cxt 0] Extracting header 'ipv4'
[15:08:26.453] [bmv2] [D] [thread 12061] [42.0] [cxt 0] Parser state 'parse_ipv4' has no switch, going to default next state
[15:08:26.453] [bmv2] [T] [thread 12061] [42.0] [cxt 0] Bytes parsed: 34
[15:08:26.454] [bmv2] [D] [thread 12061] [42.0] [cxt 0] Parser 'parser': end
[15:08:26.454] [bmv2] [D] [thread 12061] [42.0] [cxt 0] Pipeline 'ingress': start
[15:08:26.454] [bmv2] [T] [thread 12061] [42.0] [cxt 0] basic.p4(124) Condition "hdr.ipv4.isValid()" (node_2) is true
[15:08:26.454] [bmv2] [T] [thread 12061] [42.0] [cxt 0] Applying table 'MyIngress.ipv4_lpm'
[15:08:26.454] [bmv2] [D] [thread 12061] [42.0] [cxt 0] Looking up key:
* hdr.ipv4.dstAddr    : 0a000202

[15:08:26.454] [bmv2] [D] [thread 12061] [42.0] [cxt 0] Table 'MyIngress.ipv4_lpm': hit with handle 1
[15:08:26.454] [bmv2] [D] [thread 12061] [42.0] [cxt 0] Dumping entry 1
Match key:
* hdr.ipv4.dstAddr    : LPM       0a000202/32
Action entry: MyIngress.ipv4_forward - 80000000100,2,

[15:08:26.454] [bmv2] [D] [thread 12061] [42.0] [cxt 0] Action entry is MyIngress.ipv4_forward - 80000000100,2,
[15:08:26.454] [bmv2] [T] [thread 12061] [42.0] [cxt 0] Action MyIngress.ipv4_forward
[15:08:26.454] [bmv2] [T] [thread 12061] [42.0] [cxt 0] basic.p4(98) Primitive standard_metadata.egress_spec = port
[15:08:26.454] [bmv2] [T] [thread 12061] [42.0] [cxt 0] basic.p4(100) Primitive hdr.ethernet.dstAddr = dstAddr
[15:08:26.454] [bmv2] [T] [thread 12061] [42.0] [cxt 0] basic.p4(100) Primitive dstAddr; ...
[15:08:26.454] [bmv2] [T] [thread 12061] [42.0] [cxt 0] basic.p4(104) Primitive hdr.ipv4.ttl = hdr.ipv4.ttl - 1
[15:08:26.454] [bmv2] [D] [thread 12061] [42.0] [cxt 0] Pipeline 'ingress': end
[15:08:26.454] [bmv2] [D] [thread 12061] [42.0] [cxt 0] Egress port is 2
[15:08:26.454] [bmv2] [D] [thread 12064] [42.0] [cxt 0] Pipeline 'egress': start
[15:08:26.455] [bmv2] [D] [thread 12064] [42.0] [cxt 0] Pipeline 'egress': end
[15:08:26.455] [bmv2] [D] [thread 12064] [42.0] [cxt 0] Deparser 'deparser': start
[15:08:26.455] [bmv2] [D] [thread 12064] [42.0] [cxt 0] Updating checksum 'cksum'
[15:08:26.455] [bmv2] [D] [thread 12064] [42.0] [cxt 0] Deparsing header 'ethernet'
[15:08:26.455] [bmv2] [D] [thread 12064] [42.0] [cxt 0] Deparsing header 'ipv4'
[15:08:26.455] [bmv2] [D] [thread 12064] [42.0] [cxt 0] Deparser 'deparser': end
[15:08:26.455] [bmv2] [D] [thread 12066] [42.0] [cxt 0] Transmitting packet of size 98 out of port 2
[15:08:26.528] [bmv2] [D] [thread 12061] [43.0] [cxt 0] Processing packet received on port 2
[15:08:26.528] [bmv2] [D] [thread 12061] [43.0] [cxt 0] Parser 'parser': start
[15:08:26.528] [bmv2] [D] [thread 12061] [43.0] [cxt 0] Parser 'parser' entering state 'start'
[15:08:26.528] [bmv2] [D] [thread 12061] [43.0] [cxt 0] Extracting header 'ethernet'
[15:08:26.528] [bmv2] [D] [thread 12061] [43.0] [cxt 0] Parser state 'start': key is 0800
[15:08:26.529] [bmv2] [T] [thread 12061] [43.0] [cxt 0] Bytes parsed: 14
[15:08:26.529] [bmv2] [D] [thread 12061] [43.0] [cxt 0] Parser 'parser' entering state 'parse_ipv4'
[15:08:26.529] [bmv2] [D] [thread 12061] [43.0] [cxt 0] Extracting header 'ipv4'
[15:08:26.529] [bmv2] [D] [thread 12061] [43.0] [cxt 0] Parser state 'parse_ipv4' has no switch, going to default next state
[15:08:26.529] [bmv2] [T] [thread 12061] [43.0] [cxt 0] Bytes parsed: 34
[15:08:26.529] [bmv2] [D] [thread 12061] [43.0] [cxt 0] Parser 'parser': end
[15:08:26.529] [bmv2] [D] [thread 12061] [43.0] [cxt 0] Pipeline 'ingress': start
[15:08:26.529] [bmv2] [T] [thread 12061] [43.0] [cxt 0] basic.p4(124) Condition "hdr.ipv4.isValid()" (node_2) is true
[15:08:26.529] [bmv2] [T] [thread 12061] [43.0] [cxt 0] Applying table 'MyIngress.ipv4_lpm'
[15:08:26.529] [bmv2] [D] [thread 12061] [43.0] [cxt 0] Looking up key:
* hdr.ipv4.dstAddr    : 0a000404

[15:08:26.529] [bmv2] [D] [thread 12061] [43.0] [cxt 0] Table 'MyIngress.ipv4_lpm': hit with handle 3
[15:08:26.529] [bmv2] [D] [thread 12061] [43.0] [cxt 0] Dumping entry 3
Match key:
* hdr.ipv4.dstAddr    : LPM       0a000404/32
Action entry: MyIngress.ipv4_forward - 80000000200,1,

[15:08:26.529] [bmv2] [D] [thread 12061] [43.0] [cxt 0] Action entry is MyIngress.ipv4_forward - 80000000200,1,
[15:08:26.529] [bmv2] [T] [thread 12061] [43.0] [cxt 0] Action MyIngress.ipv4_forward
[15:08:26.529] [bmv2] [T] [thread 12061] [43.0] [cxt 0] basic.p4(98) Primitive standard_metadata.egress_spec = port
[15:08:26.529] [bmv2] [T] [thread 12061] [43.0] [cxt 0] basic.p4(100) Primitive hdr.ethernet.dstAddr = dstAddr
[15:08:26.530] [bmv2] [T] [thread 12061] [43.0] [cxt 0] basic.p4(100) Primitive dstAddr; ...
[15:08:26.530] [bmv2] [T] [thread 12061] [43.0] [cxt 0] basic.p4(104) Primitive hdr.ipv4.ttl = hdr.ipv4.ttl - 1
[15:08:26.530] [bmv2] [D] [thread 12061] [43.0] [cxt 0] Pipeline 'ingress': end
[15:08:26.530] [bmv2] [D] [thread 12061] [43.0] [cxt 0] Egress port is 1
[15:08:26.530] [bmv2] [D] [thread 12063] [43.0] [cxt 0] Pipeline 'egress': start
[15:08:26.530] [bmv2] [D] [thread 12063] [43.0] [cxt 0] Pipeline 'egress': end
[15:08:26.530] [bmv2] [D] [thread 12063] [43.0] [cxt 0] Deparser 'deparser': start
[15:08:26.530] [bmv2] [D] [thread 12063] [43.0] [cxt 0] Updating checksum 'cksum'
[15:08:26.530] [bmv2] [D] [thread 12063] [43.0] [cxt 0] Deparsing header 'ethernet'
[15:08:26.530] [bmv2] [D] [thread 12063] [43.0] [cxt 0] Deparsing header 'ipv4'
[15:08:26.530] [bmv2] [D] [thread 12063] [43.0] [cxt 0] Deparser 'deparser': end
[15:08:26.530] [bmv2] [D] [thread 12066] [43.0] [cxt 0] Transmitting packet of size 98 out of port 1
[15:08:26.537] [bmv2] [D] [thread 12061] [44.0] [cxt 0] Processing packet received on port 1
[15:08:26.537] [bmv2] [D] [thread 12061] [44.0] [cxt 0] Parser 'parser': start
[15:08:26.537] [bmv2] [D] [thread 12061] [44.0] [cxt 0] Parser 'parser' entering state 'start'
[15:08:26.537] [bmv2] [D] [thread 12061] [44.0] [cxt 0] Extracting header 'ethernet'
[15:08:26.537] [bmv2] [D] [thread 12061] [44.0] [cxt 0] Parser state 'start': key is 0800
[15:08:26.537] [bmv2] [T] [thread 12061] [44.0] [cxt 0] Bytes parsed: 14
[15:08:26.537] [bmv2] [D] [thread 12061] [44.0] [cxt 0] Parser 'parser' entering state 'parse_ipv4'
[15:08:26.537] [bmv2] [D] [thread 12061] [44.0] [cxt 0] Extracting header 'ipv4'
[15:08:26.538] [bmv2] [D] [thread 12061] [44.0] [cxt 0] Parser state 'parse_ipv4' has no switch, going to default next state
[15:08:26.538] [bmv2] [T] [thread 12061] [44.0] [cxt 0] Bytes parsed: 34
[15:08:26.538] [bmv2] [D] [thread 12061] [44.0] [cxt 0] Parser 'parser': end
[15:08:26.538] [bmv2] [D] [thread 12061] [44.0] [cxt 0] Pipeline 'ingress': start
[15:08:26.538] [bmv2] [T] [thread 12061] [44.0] [cxt 0] basic.p4(124) Condition "hdr.ipv4.isValid()" (node_2) is true
[15:08:26.538] [bmv2] [T] [thread 12061] [44.0] [cxt 0] Applying table 'MyIngress.ipv4_lpm'
[15:08:26.538] [bmv2] [D] [thread 12061] [44.0] [cxt 0] Looking up key:
* hdr.ipv4.dstAddr    : 0a000202

[15:08:26.538] [bmv2] [D] [thread 12061] [44.0] [cxt 0] Table 'MyIngress.ipv4_lpm': hit with handle 1
[15:08:26.538] [bmv2] [D] [thread 12061] [44.0] [cxt 0] Dumping entry 1
Match key:
* hdr.ipv4.dstAddr    : LPM       0a000202/32
Action entry: MyIngress.ipv4_forward - 80000000100,2,

[15:08:26.538] [bmv2] [D] [thread 12061] [44.0] [cxt 0] Action entry is MyIngress.ipv4_forward - 80000000100,2,
[15:08:26.538] [bmv2] [T] [thread 12061] [44.0] [cxt 0] Action MyIngress.ipv4_forward
[15:08:26.538] [bmv2] [T] [thread 12061] [44.0] [cxt 0] basic.p4(98) Primitive standard_metadata.egress_spec = port
[15:08:26.538] [bmv2] [T] [thread 12061] [44.0] [cxt 0] basic.p4(100) Primitive hdr.ethernet.dstAddr = dstAddr
[15:08:26.538] [bmv2] [T] [thread 12061] [44.0] [cxt 0] basic.p4(100) Primitive dstAddr; ...
[15:08:26.538] [bmv2] [T] [thread 12061] [44.0] [cxt 0] basic.p4(104) Primitive hdr.ipv4.ttl = hdr.ipv4.ttl - 1
[15:08:26.538] [bmv2] [D] [thread 12061] [44.0] [cxt 0] Pipeline 'ingress': end
[15:08:26.539] [bmv2] [D] [thread 12061] [44.0] [cxt 0] Egress port is 2
[15:08:26.539] [bmv2] [D] [thread 12064] [44.0] [cxt 0] Pipeline 'egress': start
[15:08:26.539] [bmv2] [D] [thread 12064] [44.0] [cxt 0] Pipeline 'egress': end
[15:08:26.539] [bmv2] [D] [thread 12064] [44.0] [cxt 0] Deparser 'deparser': start
[15:08:26.539] [bmv2] [D] [thread 12064] [44.0] [cxt 0] Updating checksum 'cksum'
[15:08:26.539] [bmv2] [D] [thread 12064] [44.0] [cxt 0] Deparsing header 'ethernet'
[15:08:26.539] [bmv2] [D] [thread 12064] [44.0] [cxt 0] Deparsing header 'ipv4'
[15:08:26.539] [bmv2] [D] [thread 12064] [44.0] [cxt 0] Deparser 'deparser': end
[15:08:26.539] [bmv2] [D] [thread 12066] [44.0] [cxt 0] Transmitting packet of size 98 out of port 2
[15:08:26.545] [bmv2] [D] [thread 12061] [45.0] [cxt 0] Processing packet received on port 2
[15:08:26.545] [bmv2] [D] [thread 12061] [45.0] [cxt 0] Parser 'parser': start
[15:08:26.545] [bmv2] [D] [thread 12061] [45.0] [cxt 0] Parser 'parser' entering state 'start'
[15:08:26.545] [bmv2] [D] [thread 12061] [45.0] [cxt 0] Extracting header 'ethernet'
[15:08:26.545] [bmv2] [D] [thread 12061] [45.0] [cxt 0] Parser state 'start': key is 0800
[15:08:26.545] [bmv2] [T] [thread 12061] [45.0] [cxt 0] Bytes parsed: 14
[15:08:26.545] [bmv2] [D] [thread 12061] [45.0] [cxt 0] Parser 'parser' entering state 'parse_ipv4'
[15:08:26.545] [bmv2] [D] [thread 12061] [45.0] [cxt 0] Extracting header 'ipv4'
[15:08:26.545] [bmv2] [D] [thread 12061] [45.0] [cxt 0] Parser state 'parse_ipv4' has no switch, going to default next state
[15:08:26.545] [bmv2] [T] [thread 12061] [45.0] [cxt 0] Bytes parsed: 34
[15:08:26.545] [bmv2] [D] [thread 12061] [45.0] [cxt 0] Parser 'parser': end
[15:08:26.545] [bmv2] [D] [thread 12061] [45.0] [cxt 0] Pipeline 'ingress': start
[15:08:26.545] [bmv2] [T] [thread 12061] [45.0] [cxt 0] basic.p4(124) Condition "hdr.ipv4.isValid()" (node_2) is true
[15:08:26.545] [bmv2] [T] [thread 12061] [45.0] [cxt 0] Applying table 'MyIngress.ipv4_lpm'
[15:08:26.545] [bmv2] [D] [thread 12061] [45.0] [cxt 0] Looking up key:
* hdr.ipv4.dstAddr    : 0a000404

[15:08:26.546] [bmv2] [D] [thread 12061] [45.0] [cxt 0] Table 'MyIngress.ipv4_lpm': hit with handle 3
[15:08:26.546] [bmv2] [D] [thread 12061] [45.0] [cxt 0] Dumping entry 3
Match key:
* hdr.ipv4.dstAddr    : LPM       0a000404/32
Action entry: MyIngress.ipv4_forward - 80000000200,1,

[15:08:26.546] [bmv2] [D] [thread 12061] [45.0] [cxt 0] Action entry is MyIngress.ipv4_forward - 80000000200,1,
[15:08:26.546] [bmv2] [T] [thread 12061] [45.0] [cxt 0] Action MyIngress.ipv4_forward
[15:08:26.546] [bmv2] [T] [thread 12061] [45.0] [cxt 0] basic.p4(98) Primitive standard_metadata.egress_spec = port
[15:08:26.546] [bmv2] [T] [thread 12061] [45.0] [cxt 0] basic.p4(100) Primitive hdr.ethernet.dstAddr = dstAddr
[15:08:26.546] [bmv2] [T] [thread 12061] [45.0] [cxt 0] basic.p4(100) Primitive dstAddr; ...
[15:08:26.546] [bmv2] [T] [thread 12061] [45.0] [cxt 0] basic.p4(104) Primitive hdr.ipv4.ttl = hdr.ipv4.ttl - 1
[15:08:26.546] [bmv2] [D] [thread 12061] [45.0] [cxt 0] Pipeline 'ingress': end
[15:08:26.546] [bmv2] [D] [thread 12061] [45.0] [cxt 0] Egress port is 1
[15:08:26.546] [bmv2] [D] [thread 12063] [45.0] [cxt 0] Pipeline 'egress': start
[15:08:26.546] [bmv2] [D] [thread 12063] [45.0] [cxt 0] Pipeline 'egress': end
[15:08:26.546] [bmv2] [D] [thread 12063] [45.0] [cxt 0] Deparser 'deparser': start
[15:08:26.546] [bmv2] [D] [thread 12063] [45.0] [cxt 0] Updating checksum 'cksum'
[15:08:26.546] [bmv2] [D] [thread 12063] [45.0] [cxt 0] Deparsing header 'ethernet'
[15:08:26.547] [bmv2] [D] [thread 12063] [45.0] [cxt 0] Deparsing header 'ipv4'
[15:08:26.547] [bmv2] [D] [thread 12063] [45.0] [cxt 0] Deparser 'deparser': end
[15:08:26.547] [bmv2] [D] [thread 12066] [45.0] [cxt 0] Transmitting packet of size 98 out of port 1
[15:08:27.703] [bmv2] [D] [thread 12061] [46.0] [cxt 0] Processing packet received on port 1
[15:08:27.705] [bmv2] [D] [thread 12061] [46.0] [cxt 0] Parser 'parser': start
[15:08:27.707] [bmv2] [D] [thread 12061] [46.0] [cxt 0] Parser 'parser' entering state 'start'
[15:08:27.708] [bmv2] [D] [thread 12061] [46.0] [cxt 0] Extracting header 'ethernet'
[15:08:27.708] [bmv2] [D] [thread 12061] [46.0] [cxt 0] Parser state 'start': key is 86dd
[15:08:27.710] [bmv2] [T] [thread 12061] [46.0] [cxt 0] Bytes parsed: 14
[15:08:27.710] [bmv2] [D] [thread 12061] [46.0] [cxt 0] Parser 'parser': end
[15:08:27.711] [bmv2] [D] [thread 12061] [46.0] [cxt 0] Pipeline 'ingress': start
[15:08:27.712] [bmv2] [T] [thread 12061] [46.0] [cxt 0] basic.p4(124) Condition "hdr.ipv4.isValid()" (node_2) is false
[15:08:27.714] [bmv2] [D] [thread 12061] [46.0] [cxt 0] Pipeline 'ingress': end
[15:08:27.714] [bmv2] [D] [thread 12061] [46.0] [cxt 0] Egress port is 0
[15:08:27.715] [bmv2] [D] [thread 12062] [46.0] [cxt 0] Pipeline 'egress': start
[15:08:27.717] [bmv2] [D] [thread 12062] [46.0] [cxt 0] Pipeline 'egress': end
[15:08:27.718] [bmv2] [D] [thread 12062] [46.0] [cxt 0] Deparser 'deparser': start
[15:08:27.719] [bmv2] [T] [thread 12062] [46.0] [cxt 0] Skipping checksum 'cksum' update because condition not met
[15:08:27.720] [bmv2] [D] [thread 12062] [46.0] [cxt 0] Deparsing header 'ethernet'
[15:08:27.721] [bmv2] [D] [thread 12062] [46.0] [cxt 0] Deparser 'deparser': end
[15:08:27.724] [bmv2] [D] [thread 12066] [46.0] [cxt 0] Transmitting packet of size 70 out of port 0
[15:08:28.216] [bmv2] [D] [thread 12061] [47.0] [cxt 0] Processing packet received on port 2
[15:08:28.217] [bmv2] [D] [thread 12061] [47.0] [cxt 0] Parser 'parser': start
[15:08:28.217] [bmv2] [D] [thread 12061] [47.0] [cxt 0] Parser 'parser' entering state 'start'
[15:08:28.217] [bmv2] [D] [thread 12061] [47.0] [cxt 0] Extracting header 'ethernet'
[15:08:28.217] [bmv2] [D] [thread 12061] [47.0] [cxt 0] Parser state 'start': key is 86dd
[15:08:28.218] [bmv2] [T] [thread 12061] [47.0] [cxt 0] Bytes parsed: 14
[15:08:28.218] [bmv2] [D] [thread 12061] [47.0] [cxt 0] Parser 'parser': end
[15:08:28.218] [bmv2] [D] [thread 12061] [47.0] [cxt 0] Pipeline 'ingress': start
[15:08:28.218] [bmv2] [T] [thread 12061] [47.0] [cxt 0] basic.p4(124) Condition "hdr.ipv4.isValid()" (node_2) is false
[15:08:28.218] [bmv2] [D] [thread 12061] [47.0] [cxt 0] Pipeline 'ingress': end
[15:08:28.218] [bmv2] [D] [thread 12061] [47.0] [cxt 0] Egress port is 0
[15:08:28.219] [bmv2] [D] [thread 12062] [47.0] [cxt 0] Pipeline 'egress': start
[15:08:28.219] [bmv2] [D] [thread 12062] [47.0] [cxt 0] Pipeline 'egress': end
[15:08:28.219] [bmv2] [D] [thread 12062] [47.0] [cxt 0] Deparser 'deparser': start
[15:08:28.219] [bmv2] [T] [thread 12062] [47.0] [cxt 0] Skipping checksum 'cksum' update because condition not met
[15:08:28.221] [bmv2] [D] [thread 12062] [47.0] [cxt 0] Deparsing header 'ethernet'
[15:08:28.223] [bmv2] [D] [thread 12062] [47.0] [cxt 0] Deparser 'deparser': end
[15:08:28.223] [bmv2] [D] [thread 12066] [47.0] [cxt 0] Transmitting packet of size 70 out of port 0
[15:08:28.725] [bmv2] [D] [thread 12061] [48.0] [cxt 0] Processing packet received on port 2
[15:08:28.726] [bmv2] [D] [thread 12061] [48.0] [cxt 0] Parser 'parser': start
[15:08:28.726] [bmv2] [D] [thread 12061] [48.0] [cxt 0] Parser 'parser' entering state 'start'
[15:08:28.726] [bmv2] [D] [thread 12061] [48.0] [cxt 0] Extracting header 'ethernet'
[15:08:28.726] [bmv2] [D] [thread 12061] [48.0] [cxt 0] Parser state 'start': key is 86dd
[15:08:28.726] [bmv2] [T] [thread 12061] [48.0] [cxt 0] Bytes parsed: 14
[15:08:28.726] [bmv2] [D] [thread 12061] [48.0] [cxt 0] Parser 'parser': end
[15:08:28.726] [bmv2] [D] [thread 12061] [48.0] [cxt 0] Pipeline 'ingress': start
[15:08:28.726] [bmv2] [T] [thread 12061] [48.0] [cxt 0] basic.p4(124) Condition "hdr.ipv4.isValid()" (node_2) is false
[15:08:28.726] [bmv2] [D] [thread 12061] [48.0] [cxt 0] Pipeline 'ingress': end
[15:08:28.727] [bmv2] [D] [thread 12061] [48.0] [cxt 0] Egress port is 0
[15:08:28.727] [bmv2] [D] [thread 12062] [48.0] [cxt 0] Pipeline 'egress': start
[15:08:28.727] [bmv2] [D] [thread 12062] [48.0] [cxt 0] Pipeline 'egress': end
[15:08:28.727] [bmv2] [D] [thread 12062] [48.0] [cxt 0] Deparser 'deparser': start
[15:08:28.727] [bmv2] [T] [thread 12062] [48.0] [cxt 0] Skipping checksum 'cksum' update because condition not met
[15:08:28.727] [bmv2] [D] [thread 12062] [48.0] [cxt 0] Deparsing header 'ethernet'
[15:08:28.727] [bmv2] [D] [thread 12062] [48.0] [cxt 0] Deparser 'deparser': end
[15:08:28.727] [bmv2] [D] [thread 12066] [48.0] [cxt 0] Transmitting packet of size 70 out of port 0
open: No such file or directory
open: No such file or directory
